  [1m[35m (1.1ms)[0m  [1m[35mCREATE TABLE "schema_migrations" ("version" varchar NOT NULL PRIMARY KEY)[0m
  [1m[35m (0.8ms)[0m  [1m[35mCREATE TABLE "ar_internal_metadata" ("key" varchar NOT NULL PRIMARY KEY, "value" varchar, "created_at" datetime(6) NOT NULL, "updated_at" datetime(6) NOT NULL)[0m
  [1m[36mActiveRecord::InternalMetadata Load (0.2ms)[0m  [1m[34mSELECT "ar_internal_metadata".* FROM "ar_internal_metadata" WHERE "ar_internal_metadata"."key" = ? LIMIT ?[0m  [["key", "environment"], ["LIMIT", 1]]
  [1m[36mTRANSACTION (0.0ms)[0m  [1m[36mbegin transaction[0m
  [1m[36mActiveRecord::InternalMetadata Create (0.3ms)[0m  [1m[32mINSERT INTO "ar_internal_metadata" ("key", "value", "created_at", "updated_at") VALUES (?, ?, ?, ?)[0m  [["key", "environment"], ["value", "development"], ["created_at", "2024-01-22 19:49:07.737428"], ["updated_at", "2024-01-22 19:49:07.737428"]]
  [1m[36mTRANSACTION (0.6ms)[0m  [1m[36mcommit transaction[0m
  [1m[36mActiveRecord::SchemaMigration Pluck (0.1ms)[0m  [1m[34mSELECT "schema_migrations"."version" FROM "schema_migrations" ORDER BY "schema_migrations"."version" ASC[0m
  [1m[36mActiveRecord::InternalMetadata Load (0.1ms)[0m  [1m[34mSELECT "ar_internal_metadata".* FROM "ar_internal_metadata" WHERE "ar_internal_metadata"."key" = ? LIMIT ?[0m  [["key", "environment"], ["LIMIT", 1]]
  [1m[36mActiveRecord::SchemaMigration Pluck (0.1ms)[0m  [1m[34mSELECT "schema_migrations"."version" FROM "schema_migrations" ORDER BY "schema_migrations"."version" ASC[0m
  [1m[36mActiveRecord::SchemaMigration Pluck (0.1ms)[0m  [1m[34mSELECT "schema_migrations"."version" FROM "schema_migrations" ORDER BY "schema_migrations"."version" ASC[0m
Migrating to CreateUsers (20240122194950)
  [1m[36mTRANSACTION (0.1ms)[0m  [1m[36mbegin transaction[0m
  [1m[35m (0.6ms)[0m  [1m[35mCREATE TABLE "users" ("id" integer PRIMARY KEY AUTOINCREMENT NOT NULL, "first_name" varchar, "last_name" varchar, "email" varchar, "username" varchar, "created_at" datetime(6) NOT NULL, "updated_at" datetime(6) NOT NULL)[0m
  [1m[36mActiveRecord::SchemaMigration Create (0.2ms)[0m  [1m[32mINSERT INTO "schema_migrations" ("version") VALUES (?)[0m  [["version", "20240122194950"]]
  [1m[36mTRANSACTION (1.0ms)[0m  [1m[36mcommit transaction[0m
  [1m[36mActiveRecord::InternalMetadata Load (0.2ms)[0m  [1m[34mSELECT "ar_internal_metadata".* FROM "ar_internal_metadata" WHERE "ar_internal_metadata"."key" = ? LIMIT ?[0m  [["key", "environment"], ["LIMIT", 1]]
  [1m[36mActiveRecord::SchemaMigration Pluck (0.1ms)[0m  [1m[34mSELECT "schema_migrations"."version" FROM "schema_migrations" ORDER BY "schema_migrations"."version" ASC[0m
  [1m[36mTRANSACTION (0.0ms)[0m  [1m[36mbegin transaction[0m
  [1m[36mUser Create (0.8ms)[0m  [1m[32mINSERT INTO "users" ("first_name", "last_name", "email", "username", "created_at", "updated_at") VALUES (?, ?, ?, ?, ?, ?)[0m  [["first_name", "John"], ["last_name", "Doe"], ["email", "johndoe123@gmail.com"], ["username", "johndoe123"], ["created_at", "2024-01-22 19:50:01.144050"], ["updated_at", "2024-01-22 19:50:01.144050"]]
  [1m[36mTRANSACTION (0.7ms)[0m  [1m[36mcommit transaction[0m
  [1m[36mActiveRecord::SchemaMigration Pluck (0.5ms)[0m  [1m[34mSELECT "schema_migrations"."version" FROM "schema_migrations" ORDER BY "schema_migrations"."version" ASC[0m
Migrating to CreateBlogs (20240122195011)
  [1m[36mTRANSACTION (0.0ms)[0m  [1m[36mbegin transaction[0m
  [1m[35m (0.7ms)[0m  [1m[35mCREATE TABLE "blogs" ("id" integer PRIMARY KEY AUTOINCREMENT NOT NULL, "title" varchar, "content" text, "user_id" integer NOT NULL, "created_at" datetime(6) NOT NULL, "updated_at" datetime(6) NOT NULL, CONSTRAINT "fk_rails_40ebb3948d"
FOREIGN KEY ("user_id")
  REFERENCES "users" ("id")
)[0m
  [1m[35m (0.1ms)[0m  [1m[35mCREATE INDEX "index_blogs_on_user_id" ON "blogs" ("user_id")[0m
  [1m[36mActiveRecord::SchemaMigration Create (0.5ms)[0m  [1m[32mINSERT INTO "schema_migrations" ("version") VALUES (?)[0m  [["version", "20240122195011"]]
  [1m[36mTRANSACTION (0.8ms)[0m  [1m[36mcommit transaction[0m
Migrating to CreateCategories (20240122195108)
  [1m[36mTRANSACTION (0.0ms)[0m  [1m[36mbegin transaction[0m
  [1m[35m (0.5ms)[0m  [1m[35mCREATE TABLE "categories" ("id" integer PRIMARY KEY AUTOINCREMENT NOT NULL, "name" varchar, "created_at" datetime(6) NOT NULL, "updated_at" datetime(6) NOT NULL)[0m
  [1m[36mActiveRecord::SchemaMigration Create (0.1ms)[0m  [1m[32mINSERT INTO "schema_migrations" ("version") VALUES (?)[0m  [["version", "20240122195108"]]
  [1m[36mTRANSACTION (0.7ms)[0m  [1m[36mcommit transaction[0m
Migrating to CreateBlogsCategories (20240122195114)
  [1m[36mTRANSACTION (0.0ms)[0m  [1m[36mbegin transaction[0m
  [1m[35m (0.4ms)[0m  [1m[35mCREATE TABLE "blogs_categories" ("id" integer PRIMARY KEY AUTOINCREMENT NOT NULL, "blog_id" integer NOT NULL, "category_id" integer NOT NULL, "created_at" datetime(6) NOT NULL, "updated_at" datetime(6) NOT NULL, CONSTRAINT "fk_rails_0dc7505da9"
FOREIGN KEY ("blog_id")
  REFERENCES "blogs" ("id")
, CONSTRAINT "fk_rails_0920c73b5c"
FOREIGN KEY ("category_id")
  REFERENCES "categories" ("id")
)[0m
  [1m[35m (0.1ms)[0m  [1m[35mCREATE INDEX "index_blogs_categories_on_blog_id" ON "blogs_categories" ("blog_id")[0m
  [1m[35m (0.1ms)[0m  [1m[35mCREATE INDEX "index_blogs_categories_on_category_id" ON "blogs_categories" ("category_id")[0m
  [1m[36mActiveRecord::SchemaMigration Create (0.1ms)[0m  [1m[32mINSERT INTO "schema_migrations" ("version") VALUES (?)[0m  [["version", "20240122195114"]]
  [1m[36mTRANSACTION (0.6ms)[0m  [1m[36mcommit transaction[0m
Migrating to CreateProfiles (20240122195119)
  [1m[36mTRANSACTION (0.0ms)[0m  [1m[36mbegin transaction[0m
  [1m[35m (0.4ms)[0m  [1m[35mCREATE TABLE "profiles" ("id" integer PRIMARY KEY AUTOINCREMENT NOT NULL, "user_id" integer NOT NULL, "bio" text, "created_at" datetime(6) NOT NULL, "updated_at" datetime(6) NOT NULL, CONSTRAINT "fk_rails_e424190865"
FOREIGN KEY ("user_id")
  REFERENCES "users" ("id")
)[0m
  [1m[35m (0.1ms)[0m  [1m[35mCREATE INDEX "index_profiles_on_user_id" ON "profiles" ("user_id")[0m
  [1m[36mActiveRecord::SchemaMigration Create (0.1ms)[0m  [1m[32mINSERT INTO "schema_migrations" ("version") VALUES (?)[0m  [["version", "20240122195119"]]
  [1m[36mTRANSACTION (0.7ms)[0m  [1m[36mcommit transaction[0m
  [1m[36mActiveRecord::InternalMetadata Load (0.5ms)[0m  [1m[34mSELECT "ar_internal_metadata".* FROM "ar_internal_metadata" WHERE "ar_internal_metadata"."key" = ? LIMIT ?[0m  [["key", "environment"], ["LIMIT", 1]]
  [1m[36mActiveRecord::SchemaMigration Pluck (0.1ms)[0m  [1m[34mSELECT "schema_migrations"."version" FROM "schema_migrations" ORDER BY "schema_migrations"."version" ASC[0m
  [1m[36mTRANSACTION (0.0ms)[0m  [1m[36mbegin transaction[0m
  [1m[36mUser Create (0.8ms)[0m  [1m[32mINSERT INTO "users" ("first_name", "last_name", "email", "username", "created_at", "updated_at") VALUES (?, ?, ?, ?, ?, ?)[0m  [["first_name", nil], ["last_name", nil], ["email", nil], ["username", nil], ["created_at", "2024-01-22 20:13:06.471724"], ["updated_at", "2024-01-22 20:13:06.471724"]]
  [1m[36mProfile Create (0.7ms)[0m  [1m[32mINSERT INTO "profiles" ("user_id", "bio", "created_at", "updated_at") VALUES (?, ?, ?, ?)[0m  [["user_id", 2], ["bio", nil], ["created_at", "2024-01-22 20:13:06.495788"], ["updated_at", "2024-01-22 20:13:06.495788"]]
  [1m[36mProfile Load (0.1ms)[0m  [1m[34mSELECT "profiles".* FROM "profiles" WHERE "profiles"."user_id" = ? LIMIT ?[0m  [["user_id", 2], ["LIMIT", 1]]
  [1m[36mTRANSACTION (0.6ms)[0m  [1m[36mcommit transaction[0m
  [1m[36mUser Load (0.1ms)[0m  [1m[34mSELECT "users".* FROM "users" ORDER BY "users"."id" ASC LIMIT ?[0m  [["LIMIT", 1]]
  [1m[36mBlog Load (0.1ms)[0m  [1m[34mSELECT "blogs".* FROM "blogs" WHERE "blogs"."user_id" = ?[0m  [["user_id", 1]]
  [1m[36mUser Load (0.1ms)[0m  [1m[34mSELECT "users".* FROM "users" ORDER BY "users"."id" ASC LIMIT ?[0m  [["LIMIT", 1]]
  [1m[36mTRANSACTION (0.1ms)[0m  [1m[36mbegin transaction[0m
  [1m[36mBlog Create (0.9ms)[0m  [1m[32mINSERT INTO "blogs" ("title", "content", "user_id", "created_at", "updated_at") VALUES (?, ?, ?, ?, ?)[0m  [["title", "My First Blog"], ["content", "This is my first blog."], ["user_id", 1], ["created_at", "2024-01-22 20:23:06.515775"], ["updated_at", "2024-01-22 20:23:06.515775"]]
  [1m[36mTRANSACTION (0.7ms)[0m  [1m[36mcommit transaction[0m
  [1m[36mTRANSACTION (0.0ms)[0m  [1m[36mbegin transaction[0m
  [1m[36mBlog Create (1.9ms)[0m  [1m[32mINSERT INTO "blogs" ("title", "content", "user_id", "created_at", "updated_at") VALUES (?, ?, ?, ?, ?)[0m  [["title", "My Second Blog"], ["content", "This is my second blog."], ["user_id", 1], ["created_at", "2024-01-22 20:23:07.394323"], ["updated_at", "2024-01-22 20:23:07.394323"]]
  [1m[36mTRANSACTION (0.6ms)[0m  [1m[36mcommit transaction[0m
  [1m[36mBlog Load (0.1ms)[0m  [1m[34mSELECT "blogs".* FROM "blogs" WHERE "blogs"."user_id" = ?[0m  [["user_id", 1]]
  [1m[36mBlog Load (0.1ms)[0m  [1m[34mSELECT "blogs".* FROM "blogs" ORDER BY "blogs"."id" ASC LIMIT ?[0m  [["LIMIT", 1]]
  [1m[36mCategory Load (0.5ms)[0m  [1m[34mSELECT "categories".* FROM "categories" INNER JOIN "blogs_categories" ON "categories"."id" = "blogs_categories"."category_id" WHERE "blogs_categories"."blog_id" = ?[0m  [["blog_id", 1]]
  [1m[36mBlog Load (0.3ms)[0m  [1m[34mSELECT "blogs".* FROM "blogs" ORDER BY "blogs"."id" ASC LIMIT ?[0m  [["LIMIT", 1]]
  [1m[36mCategory Load (0.4ms)[0m  [1m[34mSELECT "categories".* FROM "categories" INNER JOIN "blogs_categories" ON "categories"."id" = "blogs_categories"."category_id" WHERE "blogs_categories"."blog_id" = ?[0m  [["blog_id", 1]]
  [1m[36mActiveRecord::SchemaMigration Pluck (0.5ms)[0m  [1m[34mSELECT "schema_migrations"."version" FROM "schema_migrations" ORDER BY "schema_migrations"."version" ASC[0m
Migrating to AddPasswordDigestToUsers (20240127191452)
  [1m[36mTRANSACTION (0.1ms)[0m  [1m[36mbegin transaction[0m
  [1m[35m (0.5ms)[0m  [1m[35mALTER TABLE "users" ADD "password_digest" varchar[0m
  [1m[36mActiveRecord::SchemaMigration Create (0.3ms)[0m  [1m[32mINSERT INTO "schema_migrations" ("version") VALUES (?)[0m  [["version", "20240127191452"]]
  [1m[36mTRANSACTION (0.7ms)[0m  [1m[36mcommit transaction[0m
  [1m[36mActiveRecord::InternalMetadata Load (0.8ms)[0m  [1m[34mSELECT "ar_internal_metadata".* FROM "ar_internal_metadata" WHERE "ar_internal_metadata"."key" = ? LIMIT ?[0m  [["key", "environment"], ["LIMIT", 1]]
  [1m[36mActiveRecord::SchemaMigration Pluck (0.1ms)[0m  [1m[34mSELECT "schema_migrations"."version" FROM "schema_migrations" ORDER BY "schema_migrations"."version" ASC[0m
Started POST "/users" for ::1 at 2024-01-27 17:01:43 -0600
  [1m[36mActiveRecord::SchemaMigration Pluck (0.3ms)[0m  [1m[34mSELECT "schema_migrations"."version" FROM "schema_migrations" ORDER BY "schema_migrations"."version" ASC[0m
Processing by UsersController#create as */*
  Parameters: {"username"=>"test", "email"=>"test@test.com", "first_name"=>"John", "last_name"=>"Doe", "password"=>"[FILTERED]", "password_confirmation"=>"[FILTERED]", "user"=>{"first_name"=>"John", "last_name"=>"Doe", "email"=>"test@test.com", "username"=>"test"}}
[31mUnpermitted parameter: :user. Context: { controller: UsersController, action: create, request: #<ActionDispatch::Request:0x0000000106077270>, params: {"username"=>"test", "email"=>"test@test.com", "first_name"=>"John", "last_name"=>"Doe", "password"=>"[FILTERED]", "password_confirmation"=>"[FILTERED]", "controller"=>"users", "action"=>"create", "user"=>{"first_name"=>"John", "last_name"=>"Doe", "email"=>"test@test.com", "username"=>"test"}} }[0m
  [1m[36mTRANSACTION (0.1ms)[0m  [1m[36mbegin transaction[0m
  ↳ app/controllers/users_controller.rb:4:in `create'
  [1m[36mUser Create (0.6ms)[0m  [1m[32mINSERT INTO "users" ("first_name", "last_name", "email", "username", "created_at", "updated_at", "password_digest") VALUES (?, ?, ?, ?, ?, ?, ?)[0m  [["first_name", "John"], ["last_name", "Doe"], ["email", "test@test.com"], ["username", "test"], ["created_at", "2024-01-27 23:01:43.710130"], ["updated_at", "2024-01-27 23:01:43.710130"], ["password_digest", "[FILTERED]"]]
  ↳ app/controllers/users_controller.rb:4:in `create'
  [1m[36mProfile Create (0.4ms)[0m  [1m[32mINSERT INTO "profiles" ("user_id", "bio", "created_at", "updated_at") VALUES (?, ?, ?, ?)[0m  [["user_id", 3], ["bio", nil], ["created_at", "2024-01-27 23:01:43.729296"], ["updated_at", "2024-01-27 23:01:43.729296"]]
  ↳ app/controllers/users_controller.rb:4:in `create'
  [1m[36mProfile Load (0.1ms)[0m  [1m[34mSELECT "profiles".* FROM "profiles" WHERE "profiles"."user_id" = ? LIMIT ?[0m  [["user_id", 3], ["LIMIT", 1]]
  ↳ app/controllers/users_controller.rb:4:in `create'
  [1m[36mTRANSACTION (0.8ms)[0m  [1m[36mcommit transaction[0m
  ↳ app/controllers/users_controller.rb:4:in `create'
Completed 201 Created in 248ms (Views: 4.9ms | ActiveRecord: 2.8ms | Allocations: 19122)


Started POST "/login" for ::1 at 2024-01-27 18:01:04 -0600
  [1m[36mActiveRecord::SchemaMigration Pluck (0.2ms)[0m  [1m[34mSELECT "schema_migrations"."version" FROM "schema_migrations" ORDER BY "schema_migrations"."version" ASC[0m
Processing by SessionsController#create as */*
  Parameters: {"username"=>"test", "password"=>"[FILTERED]", "session"=>{"username"=>"test", "password"=>"[FILTERED]"}}
  [1m[36mUser Load (0.4ms)[0m  [1m[34mSELECT "users".* FROM "users" WHERE "users"."username" = ? LIMIT ?[0m  [["username", "test"], ["LIMIT", 1]]
  ↳ app/controllers/sessions_controller.rb:3:in `create'
Completed 200 OK in 222ms (Views: 1.3ms | ActiveRecord: 1.0ms | Allocations: 12301)


Started POST "/login" for ::1 at 2024-01-27 18:01:18 -0600
Processing by SessionsController#create as */*
  Parameters: {"username"=>"test", "password"=>"[FILTERED]", "session"=>{"username"=>"test", "password"=>"[FILTERED]"}}
  [1m[36mUser Load (0.1ms)[0m  [1m[34mSELECT "users".* FROM "users" WHERE "users"."username" = ? LIMIT ?[0m  [["username", "test"], ["LIMIT", 1]]
  ↳ app/controllers/sessions_controller.rb:3:in `create'
Completed 200 OK in 207ms (Views: 0.2ms | ActiveRecord: 0.9ms | Allocations: 5233)


Started GET "/blogs" for ::1 at 2024-01-27 18:08:44 -0600
Processing by BlogsController#index as */*
Filter chain halted as :authenticate_request rendered or redirected
Completed 401 Unauthorized in 0ms (Views: 0.1ms | ActiveRecord: 0.0ms | Allocations: 280)


Started GET "/blogs" for ::1 at 2024-01-27 18:08:58 -0600
Processing by BlogsController#index as */*
  [1m[36mUser Load (1.7ms)[0m  [1m[34mSELECT "users".* FROM "users" WHERE "users"."id" = ? LIMIT ?[0m  [["id", 3], ["LIMIT", 1]]
  ↳ app/controllers/application_controller.rb:7:in `authenticate_request'
  [1m[36mBlog Load (0.5ms)[0m  [1m[34mSELECT "blogs".* FROM "blogs"[0m
  ↳ app/controllers/blogs_controller.rb:7:in `index'
Completed 200 OK in 44ms (Views: 7.8ms | ActiveRecord: 3.0ms | Allocations: 11662)


Started GET "/blogs" for ::1 at 2024-01-27 18:13:54 -0600
  [1m[36mActiveRecord::SchemaMigration Pluck (0.2ms)[0m  [1m[34mSELECT "schema_migrations"."version" FROM "schema_migrations" ORDER BY "schema_migrations"."version" ASC[0m
Processing by BlogsController#index as */*
  [1m[36mUser Load (0.6ms)[0m  [1m[34mSELECT "users".* FROM "users" WHERE "users"."id" = ? LIMIT ?[0m  [["id", 3], ["LIMIT", 1]]
  ↳ app/controllers/application_controller.rb:7:in `authenticate_request'
Completed 500 Internal Server Error in 36ms (ActiveRecord: 1.1ms | Allocations: 15033)


  
SyntaxError (/Users/germancruz/Documents/ruby-on-rails-projects-codelabs/beta_blogs_api/app/blueprints/user_blueprint.rb:12: syntax error, unexpected `end'
  end
  ^~~
):
  
app/blueprints/user_blueprint.rb:12: syntax error, unexpected `end'
app/blueprints/user_blueprint.rb:12: syntax error, unexpected `end'
app/blueprints/blog_blueprint.rb:11:in `block in <class:BlogBlueprint>'
app/blueprints/blog_blueprint.rb:9:in `<class:BlogBlueprint>'
app/blueprints/blog_blueprint.rb:3:in `<main>'
app/controllers/blogs_controller.rb:7:in `index'
Started GET "/blogs" for ::1 at 2024-01-27 18:14:15 -0600
Processing by BlogsController#index as */*
  [1m[36mUser Load (0.2ms)[0m  [1m[34mSELECT "users".* FROM "users" WHERE "users"."id" = ? LIMIT ?[0m  [["id", 3], ["LIMIT", 1]]
  ↳ app/controllers/application_controller.rb:7:in `authenticate_request'
  [1m[36mBlog Load (0.7ms)[0m  [1m[34mSELECT "blogs".* FROM "blogs"[0m
  ↳ app/controllers/blogs_controller.rb:7:in `index'
  [1m[36mUser Load (0.1ms)[0m  [1m[34mSELECT "users".* FROM "users" WHERE "users"."id" = ? LIMIT ?[0m  [["id", 1], ["LIMIT", 1]]
  ↳ app/controllers/blogs_controller.rb:7:in `index'
  [1m[36mCACHE User Load (0.0ms)[0m  [1m[34mSELECT "users".* FROM "users" WHERE "users"."id" = ? LIMIT ?[0m  [["id", 1], ["LIMIT", 1]]
  ↳ app/controllers/blogs_controller.rb:7:in `index'
Completed 200 OK in 29ms (Views: 0.2ms | ActiveRecord: 2.1ms | Allocations: 14864)


Started POST "/users" for ::1 at 2024-01-27 18:15:12 -0600
Processing by UsersController#create as */*
  Parameters: {"username"=>"test", "email"=>"test@test.com", "first_name"=>"John", "last_name"=>"Doe", "password"=>"[FILTERED]", "password_confirmation"=>"[FILTERED]", "user"=>{"first_name"=>"John", "last_name"=>"Doe", "email"=>"test@test.com", "username"=>"test"}}
[31mUnpermitted parameter: :user. Context: { controller: UsersController, action: create, request: #<ActionDispatch::Request:0x0000000112e4a440>, params: {"username"=>"test", "email"=>"test@test.com", "first_name"=>"John", "last_name"=>"Doe", "password"=>"[FILTERED]", "password_confirmation"=>"[FILTERED]", "controller"=>"users", "action"=>"create", "user"=>{"first_name"=>"John", "last_name"=>"Doe", "email"=>"test@test.com", "username"=>"test"}} }[0m
  [1m[36mTRANSACTION (0.0ms)[0m  [1m[36mbegin transaction[0m
  ↳ app/controllers/users_controller.rb:4:in `create'
  [1m[36mUser Create (1.9ms)[0m  [1m[32mINSERT INTO "users" ("first_name", "last_name", "email", "username", "created_at", "updated_at", "password_digest") VALUES (?, ?, ?, ?, ?, ?, ?)[0m  [["first_name", "John"], ["last_name", "Doe"], ["email", "test@test.com"], ["username", "test"], ["created_at", "2024-01-28 00:15:13.034081"], ["updated_at", "2024-01-28 00:15:13.034081"], ["password_digest", "[FILTERED]"]]
  ↳ app/controllers/users_controller.rb:4:in `create'
  [1m[36mProfile Create (0.6ms)[0m  [1m[32mINSERT INTO "profiles" ("user_id", "bio", "created_at", "updated_at") VALUES (?, ?, ?, ?)[0m  [["user_id", 4], ["bio", nil], ["created_at", "2024-01-28 00:15:13.045505"], ["updated_at", "2024-01-28 00:15:13.045505"]]
  ↳ app/controllers/users_controller.rb:4:in `create'
  [1m[36mProfile Load (0.1ms)[0m  [1m[34mSELECT "profiles".* FROM "profiles" WHERE "profiles"."user_id" = ? LIMIT ?[0m  [["user_id", 4], ["LIMIT", 1]]
  ↳ app/controllers/users_controller.rb:4:in `create'
  [1m[36mTRANSACTION (0.7ms)[0m  [1m[36mcommit transaction[0m
  ↳ app/controllers/users_controller.rb:4:in `create'
Completed 201 Created in 244ms (Views: 0.1ms | ActiveRecord: 4.4ms | Allocations: 11457)


Started GET "/api/auth/providers" for 127.0.0.1 at 2024-01-27 18:17:20 -0600
  
ActionController::RoutingError (No route matches [GET] "/api/auth/providers"):
  
Started GET "/blogs" for ::1 at 2024-02-04 14:45:36 -0600
  [1m[36mActiveRecord::SchemaMigration Pluck (0.3ms)[0m  [1m[34mSELECT "schema_migrations"."version" FROM "schema_migrations" ORDER BY "schema_migrations"."version" ASC[0m
Processing by BlogsController#index as HTML
Filter chain halted as :authenticate_request rendered or redirected
Completed 401 Unauthorized in 0ms (Views: 0.2ms | ActiveRecord: 0.0ms | Allocations: 403)


Started GET "/blogs" for ::1 at 2024-02-04 14:45:38 -0600
Processing by BlogsController#index as HTML
Filter chain halted as :authenticate_request rendered or redirected
Completed 401 Unauthorized in 1ms (Views: 0.3ms | ActiveRecord: 0.0ms | Allocations: 114)


Started GET "/blogs" for ::1 at 2024-02-04 14:57:23 -0600
  [1m[36mActiveRecord::SchemaMigration Pluck (0.3ms)[0m  [1m[34mSELECT "schema_migrations"."version" FROM "schema_migrations" ORDER BY "schema_migrations"."version" ASC[0m
Processing by BlogsController#index as HTML
Filter chain halted as :authenticate_request rendered or redirected
Completed 401 Unauthorized in 0ms (Views: 0.2ms | ActiveRecord: 0.0ms | Allocations: 403)


Started GET "/blogs" for ::1 at 2024-02-04 14:58:23 -0600
Processing by BlogsController#index as HTML
  [1m[36mBlog Load (0.5ms)[0m  [1m[34mSELECT "blogs".* FROM "blogs"[0m
  ↳ app/controllers/blogs_controller.rb:7:in `index'
  [1m[36mUser Load (0.7ms)[0m  [1m[34mSELECT "users".* FROM "users" WHERE "users"."id" = ? LIMIT ?[0m  [["id", 1], ["LIMIT", 1]]
  ↳ app/controllers/blogs_controller.rb:7:in `index'
  [1m[36mCACHE User Load (0.0ms)[0m  [1m[34mSELECT "users".* FROM "users" WHERE "users"."id" = ? LIMIT ?[0m  [["id", 1], ["LIMIT", 1]]
  ↳ app/controllers/blogs_controller.rb:7:in `index'
Completed 200 OK in 57ms (Views: 0.1ms | ActiveRecord: 2.5ms | Allocations: 21326)


Started GET "/blogs" for ::1 at 2024-02-04 15:07:20 -0600
Processing by BlogsController#index as HTML
  [1m[36mBlog Load (0.5ms)[0m  [1m[34mSELECT "blogs".* FROM "blogs"[0m
  ↳ app/controllers/blogs_controller.rb:7:in `index'
  [1m[36mUser Load (0.7ms)[0m  [1m[34mSELECT "users".* FROM "users" WHERE "users"."id" = ? LIMIT ?[0m  [["id", 1], ["LIMIT", 1]]
  ↳ app/controllers/blogs_controller.rb:7:in `index'
  [1m[36mCACHE User Load (0.0ms)[0m  [1m[34mSELECT "users".* FROM "users" WHERE "users"."id" = ? LIMIT ?[0m  [["id", 1], ["LIMIT", 1]]
  ↳ app/controllers/blogs_controller.rb:7:in `index'
Completed 200 OK in 27ms (Views: 0.1ms | ActiveRecord: 1.6ms | Allocations: 2322)


Started GET "/blogs" for ::1 at 2024-02-04 15:07:30 -0600
Processing by BlogsController#index as HTML
  [1m[36mBlog Load (0.1ms)[0m  [1m[34mSELECT "blogs".* FROM "blogs"[0m
  ↳ app/controllers/blogs_controller.rb:7:in `index'
  [1m[36mUser Load (0.3ms)[0m  [1m[34mSELECT "users".* FROM "users" WHERE "users"."id" = ? LIMIT ?[0m  [["id", 1], ["LIMIT", 1]]
  ↳ app/controllers/blogs_controller.rb:7:in `index'
  [1m[36mCACHE User Load (0.0ms)[0m  [1m[34mSELECT "users".* FROM "users" WHERE "users"."id" = ? LIMIT ?[0m  [["id", 1], ["LIMIT", 1]]
  ↳ app/controllers/blogs_controller.rb:7:in `index'
Completed 200 OK in 6ms (Views: 0.1ms | ActiveRecord: 0.5ms | Allocations: 2081)


Started GET "/blogs" for ::1 at 2024-02-04 15:07:34 -0600
Processing by BlogsController#index as HTML
  [1m[36mBlog Load (0.1ms)[0m  [1m[34mSELECT "blogs".* FROM "blogs"[0m
  ↳ app/controllers/blogs_controller.rb:7:in `index'
  [1m[36mUser Load (0.1ms)[0m  [1m[34mSELECT "users".* FROM "users" WHERE "users"."id" = ? LIMIT ?[0m  [["id", 1], ["LIMIT", 1]]
  ↳ app/controllers/blogs_controller.rb:7:in `index'
  [1m[36mCACHE User Load (0.0ms)[0m  [1m[34mSELECT "users".* FROM "users" WHERE "users"."id" = ? LIMIT ?[0m  [["id", 1], ["LIMIT", 1]]
  ↳ app/controllers/blogs_controller.rb:7:in `index'
Completed 200 OK in 6ms (Views: 0.1ms | ActiveRecord: 0.3ms | Allocations: 2082)


Started GET "/blogs" for ::1 at 2024-02-04 15:09:17 -0600
Processing by BlogsController#index as HTML
  [1m[36mBlog Load (0.2ms)[0m  [1m[34mSELECT "blogs".* FROM "blogs"[0m
  ↳ app/controllers/blogs_controller.rb:7:in `index'
  [1m[36mUser Load (0.1ms)[0m  [1m[34mSELECT "users".* FROM "users" WHERE "users"."id" = ? LIMIT ?[0m  [["id", 1], ["LIMIT", 1]]
  ↳ app/controllers/blogs_controller.rb:7:in `index'
  [1m[36mCACHE User Load (0.0ms)[0m  [1m[34mSELECT "users".* FROM "users" WHERE "users"."id" = ? LIMIT ?[0m  [["id", 1], ["LIMIT", 1]]
  ↳ app/controllers/blogs_controller.rb:7:in `index'
Completed 200 OK in 4ms (Views: 0.1ms | ActiveRecord: 0.3ms | Allocations: 2068)


Started GET "/blogs" for ::1 at 2024-02-04 15:09:23 -0600
Processing by BlogsController#index as HTML
  [1m[36mBlog Load (0.1ms)[0m  [1m[34mSELECT "blogs".* FROM "blogs"[0m
  ↳ app/controllers/blogs_controller.rb:7:in `index'
  [1m[36mUser Load (0.2ms)[0m  [1m[34mSELECT "users".* FROM "users" WHERE "users"."id" = ? LIMIT ?[0m  [["id", 1], ["LIMIT", 1]]
  ↳ app/controllers/blogs_controller.rb:7:in `index'
  [1m[36mCACHE User Load (0.0ms)[0m  [1m[34mSELECT "users".* FROM "users" WHERE "users"."id" = ? LIMIT ?[0m  [["id", 1], ["LIMIT", 1]]
  ↳ app/controllers/blogs_controller.rb:7:in `index'
Completed 200 OK in 6ms (Views: 0.1ms | ActiveRecord: 0.3ms | Allocations: 2064)


Started GET "/blogs" for ::1 at 2024-02-04 15:09:46 -0600
Processing by BlogsController#index as HTML
  [1m[36mBlog Load (0.2ms)[0m  [1m[34mSELECT "blogs".* FROM "blogs"[0m
  ↳ app/controllers/blogs_controller.rb:7:in `index'
  [1m[36mUser Load (0.1ms)[0m  [1m[34mSELECT "users".* FROM "users" WHERE "users"."id" = ? LIMIT ?[0m  [["id", 1], ["LIMIT", 1]]
  ↳ app/controllers/blogs_controller.rb:7:in `index'
  [1m[36mCACHE User Load (0.0ms)[0m  [1m[34mSELECT "users".* FROM "users" WHERE "users"."id" = ? LIMIT ?[0m  [["id", 1], ["LIMIT", 1]]
  ↳ app/controllers/blogs_controller.rb:7:in `index'
Completed 200 OK in 10ms (Views: 0.1ms | ActiveRecord: 0.4ms | Allocations: 2064)


Started GET "/blogs" for ::1 at 2024-02-04 15:09:49 -0600
Processing by BlogsController#index as HTML
  [1m[36mBlog Load (0.2ms)[0m  [1m[34mSELECT "blogs".* FROM "blogs"[0m
  ↳ app/controllers/blogs_controller.rb:7:in `index'
  [1m[36mUser Load (0.3ms)[0m  [1m[34mSELECT "users".* FROM "users" WHERE "users"."id" = ? LIMIT ?[0m  [["id", 1], ["LIMIT", 1]]
  ↳ app/controllers/blogs_controller.rb:7:in `index'
  [1m[36mCACHE User Load (0.1ms)[0m  [1m[34mSELECT "users".* FROM "users" WHERE "users"."id" = ? LIMIT ?[0m  [["id", 1], ["LIMIT", 1]]
  ↳ app/controllers/blogs_controller.rb:7:in `index'
Completed 200 OK in 43ms (Views: 0.1ms | ActiveRecord: 0.6ms | Allocations: 2064)


Started GET "/blogs" for ::1 at 2024-02-04 15:12:14 -0600
Processing by BlogsController#index as HTML
  [1m[36mBlog Load (0.2ms)[0m  [1m[34mSELECT "blogs".* FROM "blogs"[0m
  ↳ app/controllers/blogs_controller.rb:7:in `index'
  [1m[36mUser Load (0.1ms)[0m  [1m[34mSELECT "users".* FROM "users" WHERE "users"."id" = ? LIMIT ?[0m  [["id", 1], ["LIMIT", 1]]
  ↳ app/controllers/blogs_controller.rb:7:in `index'
  [1m[36mCACHE User Load (0.0ms)[0m  [1m[34mSELECT "users".* FROM "users" WHERE "users"."id" = ? LIMIT ?[0m  [["id", 1], ["LIMIT", 1]]
  ↳ app/controllers/blogs_controller.rb:7:in `index'
Completed 200 OK in 6ms (Views: 0.1ms | ActiveRecord: 0.4ms | Allocations: 2064)


Started GET "/blogs" for ::1 at 2024-02-04 15:12:46 -0600
Processing by BlogsController#index as HTML
  [1m[36mBlog Load (0.1ms)[0m  [1m[34mSELECT "blogs".* FROM "blogs"[0m
  ↳ app/controllers/blogs_controller.rb:7:in `index'
  [1m[36mUser Load (0.3ms)[0m  [1m[34mSELECT "users".* FROM "users" WHERE "users"."id" = ? LIMIT ?[0m  [["id", 1], ["LIMIT", 1]]
  ↳ app/controllers/blogs_controller.rb:7:in `index'
  [1m[36mCACHE User Load (0.0ms)[0m  [1m[34mSELECT "users".* FROM "users" WHERE "users"."id" = ? LIMIT ?[0m  [["id", 1], ["LIMIT", 1]]
  ↳ app/controllers/blogs_controller.rb:7:in `index'
Completed 200 OK in 6ms (Views: 0.2ms | ActiveRecord: 0.5ms | Allocations: 2064)


Started GET "/blogs" for ::1 at 2024-02-04 15:13:03 -0600
Processing by BlogsController#index as HTML
  [1m[36mBlog Load (0.1ms)[0m  [1m[34mSELECT "blogs".* FROM "blogs"[0m
  ↳ app/controllers/blogs_controller.rb:7:in `index'
  [1m[36mUser Load (0.2ms)[0m  [1m[34mSELECT "users".* FROM "users" WHERE "users"."id" = ? LIMIT ?[0m  [["id", 1], ["LIMIT", 1]]
  ↳ app/controllers/blogs_controller.rb:7:in `index'
  [1m[36mCACHE User Load (0.0ms)[0m  [1m[34mSELECT "users".* FROM "users" WHERE "users"."id" = ? LIMIT ?[0m  [["id", 1], ["LIMIT", 1]]
  ↳ app/controllers/blogs_controller.rb:7:in `index'
Completed 200 OK in 7ms (Views: 0.1ms | ActiveRecord: 0.4ms | Allocations: 2064)


Started GET "/blogs" for ::1 at 2024-02-04 15:19:31 -0600
Processing by BlogsController#index as HTML
  [1m[36mBlog Load (0.5ms)[0m  [1m[34mSELECT "blogs".* FROM "blogs"[0m
  ↳ app/controllers/blogs_controller.rb:7:in `index'
  [1m[36mUser Load (1.2ms)[0m  [1m[34mSELECT "users".* FROM "users" WHERE "users"."id" = ? LIMIT ?[0m  [["id", 1], ["LIMIT", 1]]
  ↳ app/controllers/blogs_controller.rb:7:in `index'
  [1m[36mCACHE User Load (0.0ms)[0m  [1m[34mSELECT "users".* FROM "users" WHERE "users"."id" = ? LIMIT ?[0m  [["id", 1], ["LIMIT", 1]]
  ↳ app/controllers/blogs_controller.rb:7:in `index'
Completed 200 OK in 11ms (Views: 0.2ms | ActiveRecord: 2.2ms | Allocations: 2245)


Started GET "/blogs" for ::1 at 2024-02-04 15:30:58 -0600
Processing by BlogsController#index as HTML
  [1m[36mBlog Load (0.4ms)[0m  [1m[34mSELECT "blogs".* FROM "blogs"[0m
  ↳ app/controllers/blogs_controller.rb:7:in `index'
  [1m[36mUser Load (0.7ms)[0m  [1m[34mSELECT "users".* FROM "users" WHERE "users"."id" = ? LIMIT ?[0m  [["id", 1], ["LIMIT", 1]]
  ↳ app/controllers/blogs_controller.rb:7:in `index'
  [1m[36mCACHE User Load (0.0ms)[0m  [1m[34mSELECT "users".* FROM "users" WHERE "users"."id" = ? LIMIT ?[0m  [["id", 1], ["LIMIT", 1]]
  ↳ app/controllers/blogs_controller.rb:7:in `index'
Completed 200 OK in 15ms (Views: 0.1ms | ActiveRecord: 2.4ms | Allocations: 2245)


Started GET "/blogs" for ::1 at 2024-02-04 15:31:12 -0600
Processing by BlogsController#index as HTML
  [1m[36mBlog Load (0.3ms)[0m  [1m[34mSELECT "blogs".* FROM "blogs"[0m
  ↳ app/controllers/blogs_controller.rb:7:in `index'
  [1m[36mUser Load (0.4ms)[0m  [1m[34mSELECT "users".* FROM "users" WHERE "users"."id" = ? LIMIT ?[0m  [["id", 1], ["LIMIT", 1]]
  ↳ app/controllers/blogs_controller.rb:7:in `index'
  [1m[36mCACHE User Load (0.0ms)[0m  [1m[34mSELECT "users".* FROM "users" WHERE "users"."id" = ? LIMIT ?[0m  [["id", 1], ["LIMIT", 1]]
  ↳ app/controllers/blogs_controller.rb:7:in `index'
Completed 200 OK in 9ms (Views: 0.5ms | ActiveRecord: 0.7ms | Allocations: 2064)


Started GET "/blogs" for ::1 at 2024-02-04 15:31:39 -0600
Processing by BlogsController#index as HTML
  [1m[36mBlog Load (0.2ms)[0m  [1m[34mSELECT "blogs".* FROM "blogs"[0m
  ↳ app/controllers/blogs_controller.rb:7:in `index'
  [1m[36mUser Load (0.1ms)[0m  [1m[34mSELECT "users".* FROM "users" WHERE "users"."id" = ? LIMIT ?[0m  [["id", 1], ["LIMIT", 1]]
  ↳ app/controllers/blogs_controller.rb:7:in `index'
  [1m[36mCACHE User Load (0.0ms)[0m  [1m[34mSELECT "users".* FROM "users" WHERE "users"."id" = ? LIMIT ?[0m  [["id", 1], ["LIMIT", 1]]
  ↳ app/controllers/blogs_controller.rb:7:in `index'
Completed 200 OK in 6ms (Views: 0.2ms | ActiveRecord: 0.4ms | Allocations: 2064)


Started GET "/blogs" for ::1 at 2024-02-04 15:31:41 -0600
Processing by BlogsController#index as HTML
  [1m[36mBlog Load (0.1ms)[0m  [1m[34mSELECT "blogs".* FROM "blogs"[0m
  ↳ app/controllers/blogs_controller.rb:7:in `index'
  [1m[36mUser Load (0.1ms)[0m  [1m[34mSELECT "users".* FROM "users" WHERE "users"."id" = ? LIMIT ?[0m  [["id", 1], ["LIMIT", 1]]
  ↳ app/controllers/blogs_controller.rb:7:in `index'
  [1m[36mCACHE User Load (0.0ms)[0m  [1m[34mSELECT "users".* FROM "users" WHERE "users"."id" = ? LIMIT ?[0m  [["id", 1], ["LIMIT", 1]]
  ↳ app/controllers/blogs_controller.rb:7:in `index'
Completed 200 OK in 8ms (Views: 0.1ms | ActiveRecord: 0.2ms | Allocations: 2064)


Started GET "/blogs" for ::1 at 2024-02-04 15:31:42 -0600
Processing by BlogsController#index as HTML
  [1m[36mBlog Load (0.1ms)[0m  [1m[34mSELECT "blogs".* FROM "blogs"[0m
  ↳ app/controllers/blogs_controller.rb:7:in `index'
  [1m[36mUser Load (0.1ms)[0m  [1m[34mSELECT "users".* FROM "users" WHERE "users"."id" = ? LIMIT ?[0m  [["id", 1], ["LIMIT", 1]]
  ↳ app/controllers/blogs_controller.rb:7:in `index'
  [1m[36mCACHE User Load (0.0ms)[0m  [1m[34mSELECT "users".* FROM "users" WHERE "users"."id" = ? LIMIT ?[0m  [["id", 1], ["LIMIT", 1]]
  ↳ app/controllers/blogs_controller.rb:7:in `index'
Completed 200 OK in 4ms (Views: 0.1ms | ActiveRecord: 0.2ms | Allocations: 2064)


Started GET "/blogs" for ::1 at 2024-02-04 15:31:46 -0600
Processing by BlogsController#index as HTML
  [1m[36mBlog Load (0.1ms)[0m  [1m[34mSELECT "blogs".* FROM "blogs"[0m
  ↳ app/controllers/blogs_controller.rb:7:in `index'
  [1m[36mUser Load (0.1ms)[0m  [1m[34mSELECT "users".* FROM "users" WHERE "users"."id" = ? LIMIT ?[0m  [["id", 1], ["LIMIT", 1]]
  ↳ app/controllers/blogs_controller.rb:7:in `index'
  [1m[36mCACHE User Load (0.0ms)[0m  [1m[34mSELECT "users".* FROM "users" WHERE "users"."id" = ? LIMIT ?[0m  [["id", 1], ["LIMIT", 1]]
  ↳ app/controllers/blogs_controller.rb:7:in `index'
Completed 200 OK in 7ms (Views: 0.1ms | ActiveRecord: 0.3ms | Allocations: 2064)


Started GET "/blogs" for ::1 at 2024-02-04 15:31:48 -0600
Processing by BlogsController#index as HTML
  [1m[36mBlog Load (0.1ms)[0m  [1m[34mSELECT "blogs".* FROM "blogs"[0m
  ↳ app/controllers/blogs_controller.rb:7:in `index'
  [1m[36mUser Load (0.1ms)[0m  [1m[34mSELECT "users".* FROM "users" WHERE "users"."id" = ? LIMIT ?[0m  [["id", 1], ["LIMIT", 1]]
  ↳ app/controllers/blogs_controller.rb:7:in `index'
  [1m[36mCACHE User Load (0.0ms)[0m  [1m[34mSELECT "users".* FROM "users" WHERE "users"."id" = ? LIMIT ?[0m  [["id", 1], ["LIMIT", 1]]
  ↳ app/controllers/blogs_controller.rb:7:in `index'
Completed 200 OK in 5ms (Views: 0.1ms | ActiveRecord: 0.2ms | Allocations: 2064)


Started GET "/blogs" for ::1 at 2024-02-04 15:33:22 -0600
Processing by BlogsController#index as HTML
  [1m[36mBlog Load (0.1ms)[0m  [1m[34mSELECT "blogs".* FROM "blogs"[0m
  ↳ app/controllers/blogs_controller.rb:7:in `index'
  [1m[36mUser Load (0.1ms)[0m  [1m[34mSELECT "users".* FROM "users" WHERE "users"."id" = ? LIMIT ?[0m  [["id", 1], ["LIMIT", 1]]
  ↳ app/controllers/blogs_controller.rb:7:in `index'
  [1m[36mCACHE User Load (0.0ms)[0m  [1m[34mSELECT "users".* FROM "users" WHERE "users"."id" = ? LIMIT ?[0m  [["id", 1], ["LIMIT", 1]]
  ↳ app/controllers/blogs_controller.rb:7:in `index'
Completed 200 OK in 4ms (Views: 0.1ms | ActiveRecord: 0.3ms | Allocations: 2064)


Started GET "/blogs" for ::1 at 2024-02-04 15:37:34 -0600
  [1m[36mActiveRecord::SchemaMigration Pluck (0.3ms)[0m  [1m[34mSELECT "schema_migrations"."version" FROM "schema_migrations" ORDER BY "schema_migrations"."version" ASC[0m
Processing by BlogsController#index as HTML
  [1m[36mBlog Load (0.5ms)[0m  [1m[34mSELECT "blogs".* FROM "blogs"[0m
  ↳ app/controllers/blogs_controller.rb:7:in `index'
  [1m[36mUser Load (0.5ms)[0m  [1m[34mSELECT "users".* FROM "users" WHERE "users"."id" = ? LIMIT ?[0m  [["id", 1], ["LIMIT", 1]]
  ↳ app/controllers/blogs_controller.rb:7:in `index'
  [1m[36mCACHE User Load (0.0ms)[0m  [1m[34mSELECT "users".* FROM "users" WHERE "users"."id" = ? LIMIT ?[0m  [["id", 1], ["LIMIT", 1]]
  ↳ app/controllers/blogs_controller.rb:7:in `index'
Completed 200 OK in 106ms (Views: 14.9ms | ActiveRecord: 2.0ms | Allocations: 21202)


Started GET "/blogs" for ::1 at 2024-02-04 15:39:27 -0600
Processing by BlogsController#index as HTML
  [1m[36mBlog Load (0.2ms)[0m  [1m[34mSELECT "blogs".* FROM "blogs"[0m
  ↳ app/controllers/blogs_controller.rb:7:in `index'
  [1m[36mUser Load (0.4ms)[0m  [1m[34mSELECT "users".* FROM "users" WHERE "users"."id" = ? LIMIT ?[0m  [["id", 1], ["LIMIT", 1]]
  ↳ app/controllers/blogs_controller.rb:7:in `index'
  [1m[36mCACHE User Load (0.0ms)[0m  [1m[34mSELECT "users".* FROM "users" WHERE "users"."id" = ? LIMIT ?[0m  [["id", 1], ["LIMIT", 1]]
  ↳ app/controllers/blogs_controller.rb:7:in `index'
Completed 200 OK in 12ms (Views: 0.2ms | ActiveRecord: 0.6ms | Allocations: 2116)


Started GET "/blogs" for ::1 at 2024-02-04 15:39:34 -0600
Processing by BlogsController#index as HTML
  [1m[36mBlog Load (0.1ms)[0m  [1m[34mSELECT "blogs".* FROM "blogs"[0m
  ↳ app/controllers/blogs_controller.rb:7:in `index'
  [1m[36mUser Load (0.1ms)[0m  [1m[34mSELECT "users".* FROM "users" WHERE "users"."id" = ? LIMIT ?[0m  [["id", 1], ["LIMIT", 1]]
  ↳ app/controllers/blogs_controller.rb:7:in `index'
  [1m[36mCACHE User Load (0.0ms)[0m  [1m[34mSELECT "users".* FROM "users" WHERE "users"."id" = ? LIMIT ?[0m  [["id", 1], ["LIMIT", 1]]
  ↳ app/controllers/blogs_controller.rb:7:in `index'
Completed 200 OK in 5ms (Views: 0.1ms | ActiveRecord: 0.2ms | Allocations: 2081)


Started GET "/blogs" for ::1 at 2024-02-04 15:41:19 -0600
Processing by BlogsController#index as HTML
  [1m[36mBlog Load (0.1ms)[0m  [1m[34mSELECT "blogs".* FROM "blogs"[0m
  ↳ app/controllers/blogs_controller.rb:7:in `index'
  [1m[36mUser Load (0.2ms)[0m  [1m[34mSELECT "users".* FROM "users" WHERE "users"."id" = ? LIMIT ?[0m  [["id", 1], ["LIMIT", 1]]
  ↳ app/controllers/blogs_controller.rb:7:in `index'
  [1m[36mCACHE User Load (0.0ms)[0m  [1m[34mSELECT "users".* FROM "users" WHERE "users"."id" = ? LIMIT ?[0m  [["id", 1], ["LIMIT", 1]]
  ↳ app/controllers/blogs_controller.rb:7:in `index'
Completed 200 OK in 6ms (Views: 0.1ms | ActiveRecord: 0.3ms | Allocations: 2064)


Started GET "/blogs" for ::1 at 2024-02-04 15:42:33 -0600
Processing by BlogsController#index as HTML
  [1m[36mBlog Load (0.2ms)[0m  [1m[34mSELECT "blogs".* FROM "blogs"[0m
  ↳ app/controllers/blogs_controller.rb:7:in `index'
  [1m[36mUser Load (0.2ms)[0m  [1m[34mSELECT "users".* FROM "users" WHERE "users"."id" = ? LIMIT ?[0m  [["id", 1], ["LIMIT", 1]]
  ↳ app/controllers/blogs_controller.rb:7:in `index'
  [1m[36mCACHE User Load (0.3ms)[0m  [1m[34mSELECT "users".* FROM "users" WHERE "users"."id" = ? LIMIT ?[0m  [["id", 1], ["LIMIT", 1]]
  ↳ app/controllers/blogs_controller.rb:7:in `index'
Completed 200 OK in 10ms (Views: 0.2ms | ActiveRecord: 0.6ms | Allocations: 2064)


Started GET "/blogs" for ::1 at 2024-02-04 15:43:00 -0600
Processing by BlogsController#index as HTML
  [1m[36mBlog Load (0.2ms)[0m  [1m[34mSELECT "blogs".* FROM "blogs"[0m
  ↳ app/controllers/blogs_controller.rb:7:in `index'
  [1m[36mUser Load (0.2ms)[0m  [1m[34mSELECT "users".* FROM "users" WHERE "users"."id" = ? LIMIT ?[0m  [["id", 1], ["LIMIT", 1]]
  ↳ app/controllers/blogs_controller.rb:7:in `index'
  [1m[36mCACHE User Load (0.0ms)[0m  [1m[34mSELECT "users".* FROM "users" WHERE "users"."id" = ? LIMIT ?[0m  [["id", 1], ["LIMIT", 1]]
  ↳ app/controllers/blogs_controller.rb:7:in `index'
Completed 200 OK in 8ms (Views: 0.1ms | ActiveRecord: 0.5ms | Allocations: 2081)


Started GET "/blogs" for ::1 at 2024-02-04 15:43:07 -0600
Processing by BlogsController#index as HTML
  [1m[36mBlog Load (0.1ms)[0m  [1m[34mSELECT "blogs".* FROM "blogs"[0m
  ↳ app/controllers/blogs_controller.rb:7:in `index'
  [1m[36mUser Load (0.1ms)[0m  [1m[34mSELECT "users".* FROM "users" WHERE "users"."id" = ? LIMIT ?[0m  [["id", 1], ["LIMIT", 1]]
  ↳ app/controllers/blogs_controller.rb:7:in `index'
  [1m[36mCACHE User Load (0.0ms)[0m  [1m[34mSELECT "users".* FROM "users" WHERE "users"."id" = ? LIMIT ?[0m  [["id", 1], ["LIMIT", 1]]
  ↳ app/controllers/blogs_controller.rb:7:in `index'
Completed 200 OK in 8ms (Views: 0.2ms | ActiveRecord: 0.3ms | Allocations: 2064)


Started GET "/blogs" for ::1 at 2024-02-04 15:43:13 -0600
Processing by BlogsController#index as HTML
  [1m[36mBlog Load (0.1ms)[0m  [1m[34mSELECT "blogs".* FROM "blogs"[0m
  ↳ app/controllers/blogs_controller.rb:7:in `index'
  [1m[36mUser Load (0.1ms)[0m  [1m[34mSELECT "users".* FROM "users" WHERE "users"."id" = ? LIMIT ?[0m  [["id", 1], ["LIMIT", 1]]
  ↳ app/controllers/blogs_controller.rb:7:in `index'
  [1m[36mCACHE User Load (0.0ms)[0m  [1m[34mSELECT "users".* FROM "users" WHERE "users"."id" = ? LIMIT ?[0m  [["id", 1], ["LIMIT", 1]]
  ↳ app/controllers/blogs_controller.rb:7:in `index'
Completed 200 OK in 4ms (Views: 0.1ms | ActiveRecord: 0.2ms | Allocations: 2081)


Started GET "/blogs" for ::1 at 2024-02-04 15:43:15 -0600
Processing by BlogsController#index as HTML
  [1m[36mBlog Load (0.2ms)[0m  [1m[34mSELECT "blogs".* FROM "blogs"[0m
  ↳ app/controllers/blogs_controller.rb:7:in `index'
  [1m[36mUser Load (0.1ms)[0m  [1m[34mSELECT "users".* FROM "users" WHERE "users"."id" = ? LIMIT ?[0m  [["id", 1], ["LIMIT", 1]]
  ↳ app/controllers/blogs_controller.rb:7:in `index'
  [1m[36mCACHE User Load (0.0ms)[0m  [1m[34mSELECT "users".* FROM "users" WHERE "users"."id" = ? LIMIT ?[0m  [["id", 1], ["LIMIT", 1]]
  ↳ app/controllers/blogs_controller.rb:7:in `index'
Completed 200 OK in 7ms (Views: 0.1ms | ActiveRecord: 0.3ms | Allocations: 2064)


Started GET "/blogs" for ::1 at 2024-02-04 15:45:18 -0600
Processing by BlogsController#index as HTML
  [1m[36mBlog Load (0.1ms)[0m  [1m[34mSELECT "blogs".* FROM "blogs"[0m
  ↳ app/controllers/blogs_controller.rb:7:in `index'
  [1m[36mUser Load (0.1ms)[0m  [1m[34mSELECT "users".* FROM "users" WHERE "users"."id" = ? LIMIT ?[0m  [["id", 1], ["LIMIT", 1]]
  ↳ app/controllers/blogs_controller.rb:7:in `index'
  [1m[36mCACHE User Load (0.0ms)[0m  [1m[34mSELECT "users".* FROM "users" WHERE "users"."id" = ? LIMIT ?[0m  [["id", 1], ["LIMIT", 1]]
  ↳ app/controllers/blogs_controller.rb:7:in `index'
Completed 200 OK in 4ms (Views: 0.2ms | ActiveRecord: 0.2ms | Allocations: 2064)


Started GET "/blogs" for ::1 at 2024-02-04 15:45:25 -0600
Processing by BlogsController#index as HTML
  [1m[36mBlog Load (0.2ms)[0m  [1m[34mSELECT "blogs".* FROM "blogs"[0m
  ↳ app/controllers/blogs_controller.rb:7:in `index'
  [1m[36mUser Load (0.1ms)[0m  [1m[34mSELECT "users".* FROM "users" WHERE "users"."id" = ? LIMIT ?[0m  [["id", 1], ["LIMIT", 1]]
  ↳ app/controllers/blogs_controller.rb:7:in `index'
  [1m[36mCACHE User Load (0.0ms)[0m  [1m[34mSELECT "users".* FROM "users" WHERE "users"."id" = ? LIMIT ?[0m  [["id", 1], ["LIMIT", 1]]
  ↳ app/controllers/blogs_controller.rb:7:in `index'
Completed 200 OK in 9ms (Views: 0.2ms | ActiveRecord: 0.3ms | Allocations: 2064)


Started GET "/blogs" for ::1 at 2024-02-04 15:45:29 -0600
Processing by BlogsController#index as HTML
  [1m[36mBlog Load (0.3ms)[0m  [1m[34mSELECT "blogs".* FROM "blogs"[0m
  ↳ app/controllers/blogs_controller.rb:7:in `index'
  [1m[36mUser Load (0.2ms)[0m  [1m[34mSELECT "users".* FROM "users" WHERE "users"."id" = ? LIMIT ?[0m  [["id", 1], ["LIMIT", 1]]
  ↳ app/controllers/blogs_controller.rb:7:in `index'
  [1m[36mCACHE User Load (0.0ms)[0m  [1m[34mSELECT "users".* FROM "users" WHERE "users"."id" = ? LIMIT ?[0m  [["id", 1], ["LIMIT", 1]]
  ↳ app/controllers/blogs_controller.rb:7:in `index'
Completed 200 OK in 7ms (Views: 0.1ms | ActiveRecord: 0.4ms | Allocations: 2065)


Started GET "/blogs" for ::1 at 2024-02-04 15:46:36 -0600
Processing by BlogsController#index as HTML
  [1m[36mBlog Load (0.2ms)[0m  [1m[34mSELECT "blogs".* FROM "blogs"[0m
  ↳ app/controllers/blogs_controller.rb:7:in `index'
  [1m[36mUser Load (0.2ms)[0m  [1m[34mSELECT "users".* FROM "users" WHERE "users"."id" = ? LIMIT ?[0m  [["id", 1], ["LIMIT", 1]]
  ↳ app/controllers/blogs_controller.rb:7:in `index'
  [1m[36mCACHE User Load (0.0ms)[0m  [1m[34mSELECT "users".* FROM "users" WHERE "users"."id" = ? LIMIT ?[0m  [["id", 1], ["LIMIT", 1]]
  ↳ app/controllers/blogs_controller.rb:7:in `index'
Completed 200 OK in 24ms (Views: 0.1ms | ActiveRecord: 0.4ms | Allocations: 2064)


Started GET "/blogs" for ::1 at 2024-02-04 15:46:39 -0600
Processing by BlogsController#index as HTML
  [1m[36mBlog Load (0.2ms)[0m  [1m[34mSELECT "blogs".* FROM "blogs"[0m
  ↳ app/controllers/blogs_controller.rb:7:in `index'
  [1m[36mUser Load (0.2ms)[0m  [1m[34mSELECT "users".* FROM "users" WHERE "users"."id" = ? LIMIT ?[0m  [["id", 1], ["LIMIT", 1]]
  ↳ app/controllers/blogs_controller.rb:7:in `index'
  [1m[36mCACHE User Load (0.0ms)[0m  [1m[34mSELECT "users".* FROM "users" WHERE "users"."id" = ? LIMIT ?[0m  [["id", 1], ["LIMIT", 1]]
  ↳ app/controllers/blogs_controller.rb:7:in `index'
Completed 200 OK in 5ms (Views: 0.1ms | ActiveRecord: 0.4ms | Allocations: 2064)


Started GET "/blogs" for ::1 at 2024-02-04 15:47:19 -0600
Processing by BlogsController#index as HTML
  [1m[36mBlog Load (0.2ms)[0m  [1m[34mSELECT "blogs".* FROM "blogs"[0m
  ↳ app/controllers/blogs_controller.rb:7:in `index'
  [1m[36mUser Load (0.2ms)[0m  [1m[34mSELECT "users".* FROM "users" WHERE "users"."id" = ? LIMIT ?[0m  [["id", 1], ["LIMIT", 1]]
  ↳ app/controllers/blogs_controller.rb:7:in `index'
  [1m[36mCACHE User Load (0.0ms)[0m  [1m[34mSELECT "users".* FROM "users" WHERE "users"."id" = ? LIMIT ?[0m  [["id", 1], ["LIMIT", 1]]
  ↳ app/controllers/blogs_controller.rb:7:in `index'
Completed 200 OK in 6ms (Views: 0.1ms | ActiveRecord: 0.4ms | Allocations: 2064)


Started GET "/blogs" for ::1 at 2024-02-04 15:50:10 -0600
Processing by BlogsController#index as HTML
  [1m[36mBlog Load (0.2ms)[0m  [1m[34mSELECT "blogs".* FROM "blogs"[0m
  ↳ app/controllers/blogs_controller.rb:7:in `index'
  [1m[36mUser Load (0.2ms)[0m  [1m[34mSELECT "users".* FROM "users" WHERE "users"."id" = ? LIMIT ?[0m  [["id", 1], ["LIMIT", 1]]
  ↳ app/controllers/blogs_controller.rb:7:in `index'
  [1m[36mCACHE User Load (0.0ms)[0m  [1m[34mSELECT "users".* FROM "users" WHERE "users"."id" = ? LIMIT ?[0m  [["id", 1], ["LIMIT", 1]]
  ↳ app/controllers/blogs_controller.rb:7:in `index'
Completed 200 OK in 6ms (Views: 0.6ms | ActiveRecord: 0.4ms | Allocations: 2064)


Started GET "/blogs" for ::1 at 2024-02-04 15:50:35 -0600
Processing by BlogsController#index as HTML
  [1m[36mBlog Load (0.2ms)[0m  [1m[34mSELECT "blogs".* FROM "blogs"[0m
  ↳ app/controllers/blogs_controller.rb:7:in `index'
  [1m[36mUser Load (0.2ms)[0m  [1m[34mSELECT "users".* FROM "users" WHERE "users"."id" = ? LIMIT ?[0m  [["id", 1], ["LIMIT", 1]]
  ↳ app/controllers/blogs_controller.rb:7:in `index'
  [1m[36mCACHE User Load (0.0ms)[0m  [1m[34mSELECT "users".* FROM "users" WHERE "users"."id" = ? LIMIT ?[0m  [["id", 1], ["LIMIT", 1]]
  ↳ app/controllers/blogs_controller.rb:7:in `index'
Completed 200 OK in 9ms (Views: 0.1ms | ActiveRecord: 0.4ms | Allocations: 2064)


Started GET "/blogs" for ::1 at 2024-02-04 15:50:36 -0600
Processing by BlogsController#index as HTML
  [1m[36mBlog Load (0.1ms)[0m  [1m[34mSELECT "blogs".* FROM "blogs"[0m
  ↳ app/controllers/blogs_controller.rb:7:in `index'
  [1m[36mUser Load (0.1ms)[0m  [1m[34mSELECT "users".* FROM "users" WHERE "users"."id" = ? LIMIT ?[0m  [["id", 1], ["LIMIT", 1]]
  ↳ app/controllers/blogs_controller.rb:7:in `index'
  [1m[36mCACHE User Load (0.0ms)[0m  [1m[34mSELECT "users".* FROM "users" WHERE "users"."id" = ? LIMIT ?[0m  [["id", 1], ["LIMIT", 1]]
  ↳ app/controllers/blogs_controller.rb:7:in `index'
Completed 200 OK in 4ms (Views: 0.1ms | ActiveRecord: 0.2ms | Allocations: 2064)


Started GET "/blogs" for ::1 at 2024-02-04 16:08:32 -0600
Processing by BlogsController#index as HTML
  [1m[36mBlog Load (0.6ms)[0m  [1m[34mSELECT "blogs".* FROM "blogs"[0m
  ↳ app/controllers/blogs_controller.rb:7:in `index'
  [1m[36mUser Load (0.6ms)[0m  [1m[34mSELECT "users".* FROM "users" WHERE "users"."id" = ? LIMIT ?[0m  [["id", 1], ["LIMIT", 1]]
  ↳ app/controllers/blogs_controller.rb:7:in `index'
  [1m[36mCACHE User Load (0.0ms)[0m  [1m[34mSELECT "users".* FROM "users" WHERE "users"."id" = ? LIMIT ?[0m  [["id", 1], ["LIMIT", 1]]
  ↳ app/controllers/blogs_controller.rb:7:in `index'
Completed 200 OK in 11ms (Views: 0.2ms | ActiveRecord: 2.5ms | Allocations: 2288)


Started GET "/blogs" for ::1 at 2024-02-04 16:10:45 -0600
Processing by BlogsController#index as HTML
  [1m[36mBlog Load (0.3ms)[0m  [1m[34mSELECT "blogs".* FROM "blogs"[0m
  ↳ app/controllers/blogs_controller.rb:7:in `index'
  [1m[36mUser Load (0.1ms)[0m  [1m[34mSELECT "users".* FROM "users" WHERE "users"."id" = ? LIMIT ?[0m  [["id", 1], ["LIMIT", 1]]
  ↳ app/controllers/blogs_controller.rb:7:in `index'
  [1m[36mCACHE User Load (0.0ms)[0m  [1m[34mSELECT "users".* FROM "users" WHERE "users"."id" = ? LIMIT ?[0m  [["id", 1], ["LIMIT", 1]]
  ↳ app/controllers/blogs_controller.rb:7:in `index'
Completed 200 OK in 28ms (Views: 0.1ms | ActiveRecord: 0.5ms | Allocations: 2064)


Started GET "/blogs" for ::1 at 2024-02-04 16:11:50 -0600
Processing by BlogsController#index as HTML
  [1m[36mBlog Load (0.3ms)[0m  [1m[34mSELECT "blogs".* FROM "blogs"[0m
  ↳ app/controllers/blogs_controller.rb:7:in `index'
  [1m[36mUser Load (0.1ms)[0m  [1m[34mSELECT "users".* FROM "users" WHERE "users"."id" = ? LIMIT ?[0m  [["id", 1], ["LIMIT", 1]]
  ↳ app/controllers/blogs_controller.rb:7:in `index'
  [1m[36mCACHE User Load (0.0ms)[0m  [1m[34mSELECT "users".* FROM "users" WHERE "users"."id" = ? LIMIT ?[0m  [["id", 1], ["LIMIT", 1]]
  ↳ app/controllers/blogs_controller.rb:7:in `index'
Completed 200 OK in 8ms (Views: 0.2ms | ActiveRecord: 0.4ms | Allocations: 2064)


Started GET "/blogs" for ::1 at 2024-02-04 16:12:31 -0600
Processing by BlogsController#index as HTML
  [1m[36mBlog Load (0.1ms)[0m  [1m[34mSELECT "blogs".* FROM "blogs"[0m
  ↳ app/controllers/blogs_controller.rb:7:in `index'
  [1m[36mUser Load (0.3ms)[0m  [1m[34mSELECT "users".* FROM "users" WHERE "users"."id" = ? LIMIT ?[0m  [["id", 1], ["LIMIT", 1]]
  ↳ app/controllers/blogs_controller.rb:7:in `index'
  [1m[36mCACHE User Load (0.0ms)[0m  [1m[34mSELECT "users".* FROM "users" WHERE "users"."id" = ? LIMIT ?[0m  [["id", 1], ["LIMIT", 1]]
  ↳ app/controllers/blogs_controller.rb:7:in `index'
Completed 200 OK in 10ms (Views: 0.1ms | ActiveRecord: 0.4ms | Allocations: 2064)


Started GET "/blogs" for ::1 at 2024-02-04 16:14:00 -0600
Processing by BlogsController#index as HTML
  [1m[36mBlog Load (0.6ms)[0m  [1m[34mSELECT "blogs".* FROM "blogs"[0m
  ↳ app/controllers/blogs_controller.rb:7:in `index'
  [1m[36mUser Load (0.1ms)[0m  [1m[34mSELECT "users".* FROM "users" WHERE "users"."id" = ? LIMIT ?[0m  [["id", 1], ["LIMIT", 1]]
  ↳ app/controllers/blogs_controller.rb:7:in `index'
  [1m[36mCACHE User Load (0.0ms)[0m  [1m[34mSELECT "users".* FROM "users" WHERE "users"."id" = ? LIMIT ?[0m  [["id", 1], ["LIMIT", 1]]
  ↳ app/controllers/blogs_controller.rb:7:in `index'
Completed 200 OK in 11ms (Views: 0.1ms | ActiveRecord: 0.8ms | Allocations: 2064)


Started GET "/blogs" for ::1 at 2024-02-04 16:19:32 -0600
Processing by BlogsController#index as HTML
  [1m[36mBlog Load (0.2ms)[0m  [1m[34mSELECT "blogs".* FROM "blogs"[0m
  ↳ app/controllers/blogs_controller.rb:7:in `index'
  [1m[36mUser Load (0.1ms)[0m  [1m[34mSELECT "users".* FROM "users" WHERE "users"."id" = ? LIMIT ?[0m  [["id", 1], ["LIMIT", 1]]
  ↳ app/controllers/blogs_controller.rb:7:in `index'
  [1m[36mCACHE User Load (0.1ms)[0m  [1m[34mSELECT "users".* FROM "users" WHERE "users"."id" = ? LIMIT ?[0m  [["id", 1], ["LIMIT", 1]]
  ↳ app/controllers/blogs_controller.rb:7:in `index'
Completed 200 OK in 10ms (Views: 0.2ms | ActiveRecord: 0.4ms | Allocations: 2064)


Started GET "/blogs" for ::1 at 2024-02-04 16:19:40 -0600
Processing by BlogsController#index as HTML
  [1m[36mBlog Load (0.1ms)[0m  [1m[34mSELECT "blogs".* FROM "blogs"[0m
  ↳ app/controllers/blogs_controller.rb:7:in `index'
  [1m[36mUser Load (0.1ms)[0m  [1m[34mSELECT "users".* FROM "users" WHERE "users"."id" = ? LIMIT ?[0m  [["id", 1], ["LIMIT", 1]]
  ↳ app/controllers/blogs_controller.rb:7:in `index'
  [1m[36mCACHE User Load (0.0ms)[0m  [1m[34mSELECT "users".* FROM "users" WHERE "users"."id" = ? LIMIT ?[0m  [["id", 1], ["LIMIT", 1]]
  ↳ app/controllers/blogs_controller.rb:7:in `index'
Completed 200 OK in 6ms (Views: 0.1ms | ActiveRecord: 0.3ms | Allocations: 2064)


Started GET "/blogs" for ::1 at 2024-02-04 16:19:42 -0600
Processing by BlogsController#index as HTML
  [1m[36mBlog Load (0.1ms)[0m  [1m[34mSELECT "blogs".* FROM "blogs"[0m
  ↳ app/controllers/blogs_controller.rb:7:in `index'
  [1m[36mUser Load (0.1ms)[0m  [1m[34mSELECT "users".* FROM "users" WHERE "users"."id" = ? LIMIT ?[0m  [["id", 1], ["LIMIT", 1]]
  ↳ app/controllers/blogs_controller.rb:7:in `index'
  [1m[36mCACHE User Load (0.0ms)[0m  [1m[34mSELECT "users".* FROM "users" WHERE "users"."id" = ? LIMIT ?[0m  [["id", 1], ["LIMIT", 1]]
  ↳ app/controllers/blogs_controller.rb:7:in `index'
Completed 200 OK in 32ms (Views: 0.1ms | ActiveRecord: 0.2ms | Allocations: 2064)


Started GET "/blogs" for ::1 at 2024-02-04 16:20:44 -0600
Processing by BlogsController#index as HTML
  [1m[36mBlog Load (1.1ms)[0m  [1m[34mSELECT "blogs".* FROM "blogs"[0m
  ↳ app/controllers/blogs_controller.rb:7:in `index'
  [1m[36mUser Load (0.1ms)[0m  [1m[34mSELECT "users".* FROM "users" WHERE "users"."id" = ? LIMIT ?[0m  [["id", 1], ["LIMIT", 1]]
  ↳ app/controllers/blogs_controller.rb:7:in `index'
  [1m[36mCACHE User Load (0.0ms)[0m  [1m[34mSELECT "users".* FROM "users" WHERE "users"."id" = ? LIMIT ?[0m  [["id", 1], ["LIMIT", 1]]
  ↳ app/controllers/blogs_controller.rb:7:in `index'
Completed 200 OK in 8ms (Views: 0.1ms | ActiveRecord: 1.3ms | Allocations: 2064)


Started GET "/blogs" for ::1 at 2024-02-04 16:20:52 -0600
Processing by BlogsController#index as HTML
  [1m[36mBlog Load (0.2ms)[0m  [1m[34mSELECT "blogs".* FROM "blogs"[0m
  ↳ app/controllers/blogs_controller.rb:7:in `index'
  [1m[36mUser Load (0.1ms)[0m  [1m[34mSELECT "users".* FROM "users" WHERE "users"."id" = ? LIMIT ?[0m  [["id", 1], ["LIMIT", 1]]
  ↳ app/controllers/blogs_controller.rb:7:in `index'
  [1m[36mCACHE User Load (0.0ms)[0m  [1m[34mSELECT "users".* FROM "users" WHERE "users"."id" = ? LIMIT ?[0m  [["id", 1], ["LIMIT", 1]]
  ↳ app/controllers/blogs_controller.rb:7:in `index'
Completed 200 OK in 8ms (Views: 0.1ms | ActiveRecord: 0.3ms | Allocations: 2064)


Started GET "/blogs" for ::1 at 2024-02-04 16:21:04 -0600
Processing by BlogsController#index as HTML
  [1m[36mBlog Load (0.1ms)[0m  [1m[34mSELECT "blogs".* FROM "blogs"[0m
  ↳ app/controllers/blogs_controller.rb:7:in `index'
  [1m[36mUser Load (0.2ms)[0m  [1m[34mSELECT "users".* FROM "users" WHERE "users"."id" = ? LIMIT ?[0m  [["id", 1], ["LIMIT", 1]]
  ↳ app/controllers/blogs_controller.rb:7:in `index'
  [1m[36mCACHE User Load (0.0ms)[0m  [1m[34mSELECT "users".* FROM "users" WHERE "users"."id" = ? LIMIT ?[0m  [["id", 1], ["LIMIT", 1]]
  ↳ app/controllers/blogs_controller.rb:7:in `index'
Completed 200 OK in 11ms (Views: 0.2ms | ActiveRecord: 0.3ms | Allocations: 2064)


Started GET "/blogs" for ::1 at 2024-02-04 16:21:08 -0600
Processing by BlogsController#index as HTML
  [1m[36mBlog Load (0.1ms)[0m  [1m[34mSELECT "blogs".* FROM "blogs"[0m
  ↳ app/controllers/blogs_controller.rb:7:in `index'
  [1m[36mUser Load (0.1ms)[0m  [1m[34mSELECT "users".* FROM "users" WHERE "users"."id" = ? LIMIT ?[0m  [["id", 1], ["LIMIT", 1]]
  ↳ app/controllers/blogs_controller.rb:7:in `index'
  [1m[36mCACHE User Load (0.0ms)[0m  [1m[34mSELECT "users".* FROM "users" WHERE "users"."id" = ? LIMIT ?[0m  [["id", 1], ["LIMIT", 1]]
  ↳ app/controllers/blogs_controller.rb:7:in `index'
Completed 200 OK in 10ms (Views: 0.1ms | ActiveRecord: 0.2ms | Allocations: 2064)


Started GET "/blogs" for ::1 at 2024-02-04 16:21:10 -0600
Processing by BlogsController#index as HTML
  [1m[36mBlog Load (0.1ms)[0m  [1m[34mSELECT "blogs".* FROM "blogs"[0m
  ↳ app/controllers/blogs_controller.rb:7:in `index'
  [1m[36mUser Load (0.9ms)[0m  [1m[34mSELECT "users".* FROM "users" WHERE "users"."id" = ? LIMIT ?[0m  [["id", 1], ["LIMIT", 1]]
  ↳ app/controllers/blogs_controller.rb:7:in `index'
  [1m[36mCACHE User Load (0.0ms)[0m  [1m[34mSELECT "users".* FROM "users" WHERE "users"."id" = ? LIMIT ?[0m  [["id", 1], ["LIMIT", 1]]
  ↳ app/controllers/blogs_controller.rb:7:in `index'
Completed 200 OK in 7ms (Views: 0.1ms | ActiveRecord: 1.0ms | Allocations: 2064)


Started GET "/blogs" for ::1 at 2024-02-04 16:21:32 -0600
Processing by BlogsController#index as HTML
  [1m[36mBlog Load (0.2ms)[0m  [1m[34mSELECT "blogs".* FROM "blogs"[0m
  ↳ app/controllers/blogs_controller.rb:7:in `index'
  [1m[36mUser Load (0.2ms)[0m  [1m[34mSELECT "users".* FROM "users" WHERE "users"."id" = ? LIMIT ?[0m  [["id", 1], ["LIMIT", 1]]
  ↳ app/controllers/blogs_controller.rb:7:in `index'
  [1m[36mCACHE User Load (0.0ms)[0m  [1m[34mSELECT "users".* FROM "users" WHERE "users"."id" = ? LIMIT ?[0m  [["id", 1], ["LIMIT", 1]]
  ↳ app/controllers/blogs_controller.rb:7:in `index'
Completed 200 OK in 42ms (Views: 0.1ms | ActiveRecord: 0.4ms | Allocations: 2065)


Started GET "/blogs" for ::1 at 2024-02-04 16:22:29 -0600
Processing by BlogsController#index as HTML
  [1m[36mBlog Load (0.4ms)[0m  [1m[34mSELECT "blogs".* FROM "blogs"[0m
  ↳ app/controllers/blogs_controller.rb:7:in `index'
  [1m[36mUser Load (0.4ms)[0m  [1m[34mSELECT "users".* FROM "users" WHERE "users"."id" = ? LIMIT ?[0m  [["id", 1], ["LIMIT", 1]]
  ↳ app/controllers/blogs_controller.rb:7:in `index'
  [1m[36mCACHE User Load (0.1ms)[0m  [1m[34mSELECT "users".* FROM "users" WHERE "users"."id" = ? LIMIT ?[0m  [["id", 1], ["LIMIT", 1]]
  ↳ app/controllers/blogs_controller.rb:7:in `index'
Completed 200 OK in 11ms (Views: 0.1ms | ActiveRecord: 0.9ms | Allocations: 2064)


Started GET "/blogs" for ::1 at 2024-02-04 16:22:33 -0600
Processing by BlogsController#index as HTML
  [1m[36mBlog Load (0.1ms)[0m  [1m[34mSELECT "blogs".* FROM "blogs"[0m
  ↳ app/controllers/blogs_controller.rb:7:in `index'
  [1m[36mUser Load (0.1ms)[0m  [1m[34mSELECT "users".* FROM "users" WHERE "users"."id" = ? LIMIT ?[0m  [["id", 1], ["LIMIT", 1]]
  ↳ app/controllers/blogs_controller.rb:7:in `index'
  [1m[36mCACHE User Load (0.0ms)[0m  [1m[34mSELECT "users".* FROM "users" WHERE "users"."id" = ? LIMIT ?[0m  [["id", 1], ["LIMIT", 1]]
  ↳ app/controllers/blogs_controller.rb:7:in `index'
Completed 200 OK in 6ms (Views: 0.4ms | ActiveRecord: 0.2ms | Allocations: 2064)


Started GET "/blogs" for ::1 at 2024-02-04 16:22:36 -0600
Processing by BlogsController#index as HTML
  [1m[36mBlog Load (0.1ms)[0m  [1m[34mSELECT "blogs".* FROM "blogs"[0m
  ↳ app/controllers/blogs_controller.rb:7:in `index'
  [1m[36mUser Load (0.7ms)[0m  [1m[34mSELECT "users".* FROM "users" WHERE "users"."id" = ? LIMIT ?[0m  [["id", 1], ["LIMIT", 1]]
  ↳ app/controllers/blogs_controller.rb:7:in `index'
  [1m[36mCACHE User Load (0.0ms)[0m  [1m[34mSELECT "users".* FROM "users" WHERE "users"."id" = ? LIMIT ?[0m  [["id", 1], ["LIMIT", 1]]
  ↳ app/controllers/blogs_controller.rb:7:in `index'
Completed 200 OK in 7ms (Views: 0.2ms | ActiveRecord: 0.9ms | Allocations: 2064)


Started GET "/blogs" for ::1 at 2024-02-04 16:22:38 -0600
Processing by BlogsController#index as HTML
  [1m[36mBlog Load (0.1ms)[0m  [1m[34mSELECT "blogs".* FROM "blogs"[0m
  ↳ app/controllers/blogs_controller.rb:7:in `index'
  [1m[36mUser Load (0.1ms)[0m  [1m[34mSELECT "users".* FROM "users" WHERE "users"."id" = ? LIMIT ?[0m  [["id", 1], ["LIMIT", 1]]
  ↳ app/controllers/blogs_controller.rb:7:in `index'
  [1m[36mCACHE User Load (0.0ms)[0m  [1m[34mSELECT "users".* FROM "users" WHERE "users"."id" = ? LIMIT ?[0m  [["id", 1], ["LIMIT", 1]]
  ↳ app/controllers/blogs_controller.rb:7:in `index'
Completed 200 OK in 7ms (Views: 1.0ms | ActiveRecord: 0.2ms | Allocations: 2064)


Started GET "/blogs" for ::1 at 2024-02-04 16:23:30 -0600
Processing by BlogsController#index as HTML
  [1m[36mBlog Load (0.2ms)[0m  [1m[34mSELECT "blogs".* FROM "blogs"[0m
  ↳ app/controllers/blogs_controller.rb:7:in `index'
  [1m[36mUser Load (0.2ms)[0m  [1m[34mSELECT "users".* FROM "users" WHERE "users"."id" = ? LIMIT ?[0m  [["id", 1], ["LIMIT", 1]]
  ↳ app/controllers/blogs_controller.rb:7:in `index'
  [1m[36mCACHE User Load (0.0ms)[0m  [1m[34mSELECT "users".* FROM "users" WHERE "users"."id" = ? LIMIT ?[0m  [["id", 1], ["LIMIT", 1]]
  ↳ app/controllers/blogs_controller.rb:7:in `index'
Completed 200 OK in 7ms (Views: 0.1ms | ActiveRecord: 0.4ms | Allocations: 2064)


Started GET "/blogs" for ::1 at 2024-02-04 16:26:51 -0600
Processing by BlogsController#index as HTML
  [1m[36mBlog Load (0.2ms)[0m  [1m[34mSELECT "blogs".* FROM "blogs"[0m
  ↳ app/controllers/blogs_controller.rb:7:in `index'
  [1m[36mUser Load (0.1ms)[0m  [1m[34mSELECT "users".* FROM "users" WHERE "users"."id" = ? LIMIT ?[0m  [["id", 1], ["LIMIT", 1]]
  ↳ app/controllers/blogs_controller.rb:7:in `index'
  [1m[36mCACHE User Load (0.0ms)[0m  [1m[34mSELECT "users".* FROM "users" WHERE "users"."id" = ? LIMIT ?[0m  [["id", 1], ["LIMIT", 1]]
  ↳ app/controllers/blogs_controller.rb:7:in `index'
Completed 200 OK in 44ms (Views: 0.1ms | ActiveRecord: 0.3ms | Allocations: 2064)


Started GET "/blogs" for ::1 at 2024-02-04 16:26:52 -0600
Processing by BlogsController#index as HTML
  [1m[36mBlog Load (0.1ms)[0m  [1m[34mSELECT "blogs".* FROM "blogs"[0m
  ↳ app/controllers/blogs_controller.rb:7:in `index'
  [1m[36mUser Load (0.1ms)[0m  [1m[34mSELECT "users".* FROM "users" WHERE "users"."id" = ? LIMIT ?[0m  [["id", 1], ["LIMIT", 1]]
  ↳ app/controllers/blogs_controller.rb:7:in `index'
  [1m[36mCACHE User Load (0.0ms)[0m  [1m[34mSELECT "users".* FROM "users" WHERE "users"."id" = ? LIMIT ?[0m  [["id", 1], ["LIMIT", 1]]
  ↳ app/controllers/blogs_controller.rb:7:in `index'
Completed 200 OK in 5ms (Views: 0.2ms | ActiveRecord: 0.3ms | Allocations: 2064)


Started GET "/blogs" for ::1 at 2024-02-04 16:27:18 -0600
Processing by BlogsController#index as HTML
  [1m[36mBlog Load (0.1ms)[0m  [1m[34mSELECT "blogs".* FROM "blogs"[0m
  ↳ app/controllers/blogs_controller.rb:7:in `index'
  [1m[36mUser Load (0.1ms)[0m  [1m[34mSELECT "users".* FROM "users" WHERE "users"."id" = ? LIMIT ?[0m  [["id", 1], ["LIMIT", 1]]
  ↳ app/controllers/blogs_controller.rb:7:in `index'
  [1m[36mCACHE User Load (0.0ms)[0m  [1m[34mSELECT "users".* FROM "users" WHERE "users"."id" = ? LIMIT ?[0m  [["id", 1], ["LIMIT", 1]]
  ↳ app/controllers/blogs_controller.rb:7:in `index'
Completed 200 OK in 4ms (Views: 0.1ms | ActiveRecord: 0.2ms | Allocations: 2064)


Started GET "/blogs" for ::1 at 2024-02-04 16:27:19 -0600
Processing by BlogsController#index as HTML
  [1m[36mBlog Load (0.2ms)[0m  [1m[34mSELECT "blogs".* FROM "blogs"[0m
  ↳ app/controllers/blogs_controller.rb:7:in `index'
  [1m[36mUser Load (0.2ms)[0m  [1m[34mSELECT "users".* FROM "users" WHERE "users"."id" = ? LIMIT ?[0m  [["id", 1], ["LIMIT", 1]]
  ↳ app/controllers/blogs_controller.rb:7:in `index'
  [1m[36mCACHE User Load (0.0ms)[0m  [1m[34mSELECT "users".* FROM "users" WHERE "users"."id" = ? LIMIT ?[0m  [["id", 1], ["LIMIT", 1]]
  ↳ app/controllers/blogs_controller.rb:7:in `index'
Completed 200 OK in 7ms (Views: 0.1ms | ActiveRecord: 0.4ms | Allocations: 2064)


Started GET "/blogs" for ::1 at 2024-02-04 16:27:20 -0600
Processing by BlogsController#index as HTML
  [1m[36mBlog Load (0.2ms)[0m  [1m[34mSELECT "blogs".* FROM "blogs"[0m
  ↳ app/controllers/blogs_controller.rb:7:in `index'
  [1m[36mUser Load (0.2ms)[0m  [1m[34mSELECT "users".* FROM "users" WHERE "users"."id" = ? LIMIT ?[0m  [["id", 1], ["LIMIT", 1]]
  ↳ app/controllers/blogs_controller.rb:7:in `index'
  [1m[36mCACHE User Load (0.0ms)[0m  [1m[34mSELECT "users".* FROM "users" WHERE "users"."id" = ? LIMIT ?[0m  [["id", 1], ["LIMIT", 1]]
  ↳ app/controllers/blogs_controller.rb:7:in `index'
Completed 200 OK in 74ms (Views: 0.7ms | ActiveRecord: 0.5ms | Allocations: 2065)


Started GET "/blogs" for ::1 at 2024-02-04 16:27:27 -0600
Processing by BlogsController#index as HTML
  [1m[36mBlog Load (0.1ms)[0m  [1m[34mSELECT "blogs".* FROM "blogs"[0m
  ↳ app/controllers/blogs_controller.rb:7:in `index'
  [1m[36mUser Load (0.1ms)[0m  [1m[34mSELECT "users".* FROM "users" WHERE "users"."id" = ? LIMIT ?[0m  [["id", 1], ["LIMIT", 1]]
  ↳ app/controllers/blogs_controller.rb:7:in `index'
  [1m[36mCACHE User Load (0.0ms)[0m  [1m[34mSELECT "users".* FROM "users" WHERE "users"."id" = ? LIMIT ?[0m  [["id", 1], ["LIMIT", 1]]
  ↳ app/controllers/blogs_controller.rb:7:in `index'
Completed 200 OK in 9ms (Views: 0.1ms | ActiveRecord: 0.3ms | Allocations: 2064)


Started GET "/blogs" for ::1 at 2024-02-04 16:27:29 -0600
Processing by BlogsController#index as HTML
  [1m[36mBlog Load (0.4ms)[0m  [1m[34mSELECT "blogs".* FROM "blogs"[0m
  ↳ app/controllers/blogs_controller.rb:7:in `index'
  [1m[36mUser Load (0.1ms)[0m  [1m[34mSELECT "users".* FROM "users" WHERE "users"."id" = ? LIMIT ?[0m  [["id", 1], ["LIMIT", 1]]
  ↳ app/controllers/blogs_controller.rb:7:in `index'
  [1m[36mCACHE User Load (0.0ms)[0m  [1m[34mSELECT "users".* FROM "users" WHERE "users"."id" = ? LIMIT ?[0m  [["id", 1], ["LIMIT", 1]]
  ↳ app/controllers/blogs_controller.rb:7:in `index'
Completed 200 OK in 15ms (Views: 0.2ms | ActiveRecord: 0.5ms | Allocations: 2068)


Started GET "/blogs" for ::1 at 2024-02-04 16:27:31 -0600
Processing by BlogsController#index as HTML
  [1m[36mBlog Load (0.1ms)[0m  [1m[34mSELECT "blogs".* FROM "blogs"[0m
  ↳ app/controllers/blogs_controller.rb:7:in `index'
  [1m[36mUser Load (0.1ms)[0m  [1m[34mSELECT "users".* FROM "users" WHERE "users"."id" = ? LIMIT ?[0m  [["id", 1], ["LIMIT", 1]]
  ↳ app/controllers/blogs_controller.rb:7:in `index'
  [1m[36mCACHE User Load (0.0ms)[0m  [1m[34mSELECT "users".* FROM "users" WHERE "users"."id" = ? LIMIT ?[0m  [["id", 1], ["LIMIT", 1]]
  ↳ app/controllers/blogs_controller.rb:7:in `index'
Completed 200 OK in 7ms (Views: 0.1ms | ActiveRecord: 0.2ms | Allocations: 2065)


Started GET "/blogs" for ::1 at 2024-02-04 16:27:34 -0600
Processing by BlogsController#index as HTML
  [1m[36mBlog Load (0.2ms)[0m  [1m[34mSELECT "blogs".* FROM "blogs"[0m
  ↳ app/controllers/blogs_controller.rb:7:in `index'
  [1m[36mUser Load (0.2ms)[0m  [1m[34mSELECT "users".* FROM "users" WHERE "users"."id" = ? LIMIT ?[0m  [["id", 1], ["LIMIT", 1]]
  ↳ app/controllers/blogs_controller.rb:7:in `index'
  [1m[36mCACHE User Load (0.0ms)[0m  [1m[34mSELECT "users".* FROM "users" WHERE "users"."id" = ? LIMIT ?[0m  [["id", 1], ["LIMIT", 1]]
  ↳ app/controllers/blogs_controller.rb:7:in `index'
Completed 200 OK in 7ms (Views: 0.1ms | ActiveRecord: 0.4ms | Allocations: 2064)


Started GET "/blogs" for ::1 at 2024-02-04 16:28:03 -0600
Processing by BlogsController#index as HTML
  [1m[36mBlog Load (0.1ms)[0m  [1m[34mSELECT "blogs".* FROM "blogs"[0m
  ↳ app/controllers/blogs_controller.rb:7:in `index'
  [1m[36mUser Load (0.1ms)[0m  [1m[34mSELECT "users".* FROM "users" WHERE "users"."id" = ? LIMIT ?[0m  [["id", 1], ["LIMIT", 1]]
  ↳ app/controllers/blogs_controller.rb:7:in `index'
  [1m[36mCACHE User Load (0.0ms)[0m  [1m[34mSELECT "users".* FROM "users" WHERE "users"."id" = ? LIMIT ?[0m  [["id", 1], ["LIMIT", 1]]
  ↳ app/controllers/blogs_controller.rb:7:in `index'
Completed 200 OK in 6ms (Views: 0.1ms | ActiveRecord: 0.2ms | Allocations: 2064)


Started GET "/blogs" for ::1 at 2024-02-04 16:28:20 -0600
Processing by BlogsController#index as HTML
  [1m[36mBlog Load (0.1ms)[0m  [1m[34mSELECT "blogs".* FROM "blogs"[0m
  ↳ app/controllers/blogs_controller.rb:7:in `index'
  [1m[36mUser Load (0.1ms)[0m  [1m[34mSELECT "users".* FROM "users" WHERE "users"."id" = ? LIMIT ?[0m  [["id", 1], ["LIMIT", 1]]
  ↳ app/controllers/blogs_controller.rb:7:in `index'
  [1m[36mCACHE User Load (0.0ms)[0m  [1m[34mSELECT "users".* FROM "users" WHERE "users"."id" = ? LIMIT ?[0m  [["id", 1], ["LIMIT", 1]]
  ↳ app/controllers/blogs_controller.rb:7:in `index'
Completed 200 OK in 6ms (Views: 0.1ms | ActiveRecord: 0.2ms | Allocations: 2064)


Started GET "/blogs" for ::1 at 2024-02-04 16:31:59 -0600
Processing by BlogsController#index as HTML
  [1m[36mBlog Load (0.3ms)[0m  [1m[34mSELECT "blogs".* FROM "blogs"[0m
  ↳ app/controllers/blogs_controller.rb:7:in `index'
  [1m[36mUser Load (0.1ms)[0m  [1m[34mSELECT "users".* FROM "users" WHERE "users"."id" = ? LIMIT ?[0m  [["id", 1], ["LIMIT", 1]]
  ↳ app/controllers/blogs_controller.rb:7:in `index'
  [1m[36mCACHE User Load (0.0ms)[0m  [1m[34mSELECT "users".* FROM "users" WHERE "users"."id" = ? LIMIT ?[0m  [["id", 1], ["LIMIT", 1]]
  ↳ app/controllers/blogs_controller.rb:7:in `index'
Completed 200 OK in 6ms (Views: 0.1ms | ActiveRecord: 0.4ms | Allocations: 2064)


Started GET "/blogs" for ::1 at 2024-02-04 16:32:04 -0600
Processing by BlogsController#index as HTML
  [1m[36mBlog Load (0.1ms)[0m  [1m[34mSELECT "blogs".* FROM "blogs"[0m
  ↳ app/controllers/blogs_controller.rb:7:in `index'
  [1m[36mUser Load (0.2ms)[0m  [1m[34mSELECT "users".* FROM "users" WHERE "users"."id" = ? LIMIT ?[0m  [["id", 1], ["LIMIT", 1]]
  ↳ app/controllers/blogs_controller.rb:7:in `index'
  [1m[36mCACHE User Load (0.0ms)[0m  [1m[34mSELECT "users".* FROM "users" WHERE "users"."id" = ? LIMIT ?[0m  [["id", 1], ["LIMIT", 1]]
  ↳ app/controllers/blogs_controller.rb:7:in `index'
Completed 200 OK in 32ms (Views: 0.1ms | ActiveRecord: 0.3ms | Allocations: 2064)


Started GET "/blogs" for ::1 at 2024-02-04 16:32:43 -0600
Processing by BlogsController#index as HTML
  [1m[36mBlog Load (7.3ms)[0m  [1m[34mSELECT "blogs".* FROM "blogs"[0m
  ↳ app/controllers/blogs_controller.rb:7:in `index'
  [1m[36mUser Load (0.1ms)[0m  [1m[34mSELECT "users".* FROM "users" WHERE "users"."id" = ? LIMIT ?[0m  [["id", 1], ["LIMIT", 1]]
  ↳ app/controllers/blogs_controller.rb:7:in `index'
  [1m[36mCACHE User Load (0.6ms)[0m  [1m[34mSELECT "users".* FROM "users" WHERE "users"."id" = ? LIMIT ?[0m  [["id", 1], ["LIMIT", 1]]
  ↳ app/controllers/blogs_controller.rb:7:in `index'
Completed 200 OK in 72ms (Views: 0.1ms | ActiveRecord: 8.1ms | Allocations: 2064)


Started GET "/blogs" for ::1 at 2024-02-04 16:32:59 -0600
Processing by BlogsController#index as HTML
  [1m[36mBlog Load (0.1ms)[0m  [1m[34mSELECT "blogs".* FROM "blogs"[0m
  ↳ app/controllers/blogs_controller.rb:7:in `index'
  [1m[36mUser Load (0.2ms)[0m  [1m[34mSELECT "users".* FROM "users" WHERE "users"."id" = ? LIMIT ?[0m  [["id", 1], ["LIMIT", 1]]
  ↳ app/controllers/blogs_controller.rb:7:in `index'
  [1m[36mCACHE User Load (0.0ms)[0m  [1m[34mSELECT "users".* FROM "users" WHERE "users"."id" = ? LIMIT ?[0m  [["id", 1], ["LIMIT", 1]]
  ↳ app/controllers/blogs_controller.rb:7:in `index'
Completed 200 OK in 10ms (Views: 0.1ms | ActiveRecord: 0.3ms | Allocations: 2064)


Started GET "/blogs" for ::1 at 2024-02-04 16:33:38 -0600
Processing by BlogsController#index as HTML
  [1m[36mBlog Load (0.1ms)[0m  [1m[34mSELECT "blogs".* FROM "blogs"[0m
  ↳ app/controllers/blogs_controller.rb:7:in `index'
  [1m[36mUser Load (0.1ms)[0m  [1m[34mSELECT "users".* FROM "users" WHERE "users"."id" = ? LIMIT ?[0m  [["id", 1], ["LIMIT", 1]]
  ↳ app/controllers/blogs_controller.rb:7:in `index'
  [1m[36mCACHE User Load (0.0ms)[0m  [1m[34mSELECT "users".* FROM "users" WHERE "users"."id" = ? LIMIT ?[0m  [["id", 1], ["LIMIT", 1]]
  ↳ app/controllers/blogs_controller.rb:7:in `index'
Completed 200 OK in 28ms (Views: 0.3ms | ActiveRecord: 0.3ms | Allocations: 2064)


Started GET "/blogs" for ::1 at 2024-02-04 16:33:43 -0600
Processing by BlogsController#index as HTML
  [1m[36mBlog Load (0.2ms)[0m  [1m[34mSELECT "blogs".* FROM "blogs"[0m
  ↳ app/controllers/blogs_controller.rb:7:in `index'
  [1m[36mUser Load (0.2ms)[0m  [1m[34mSELECT "users".* FROM "users" WHERE "users"."id" = ? LIMIT ?[0m  [["id", 1], ["LIMIT", 1]]
  ↳ app/controllers/blogs_controller.rb:7:in `index'
  [1m[36mCACHE User Load (0.0ms)[0m  [1m[34mSELECT "users".* FROM "users" WHERE "users"."id" = ? LIMIT ?[0m  [["id", 1], ["LIMIT", 1]]
  ↳ app/controllers/blogs_controller.rb:7:in `index'
Completed 200 OK in 5ms (Views: 0.1ms | ActiveRecord: 0.4ms | Allocations: 2064)


Started GET "/blogs" for ::1 at 2024-02-04 16:33:46 -0600
Processing by BlogsController#index as HTML
  [1m[36mBlog Load (0.1ms)[0m  [1m[34mSELECT "blogs".* FROM "blogs"[0m
  ↳ app/controllers/blogs_controller.rb:7:in `index'
  [1m[36mUser Load (0.1ms)[0m  [1m[34mSELECT "users".* FROM "users" WHERE "users"."id" = ? LIMIT ?[0m  [["id", 1], ["LIMIT", 1]]
  ↳ app/controllers/blogs_controller.rb:7:in `index'
  [1m[36mCACHE User Load (0.0ms)[0m  [1m[34mSELECT "users".* FROM "users" WHERE "users"."id" = ? LIMIT ?[0m  [["id", 1], ["LIMIT", 1]]
  ↳ app/controllers/blogs_controller.rb:7:in `index'
Completed 200 OK in 11ms (Views: 0.1ms | ActiveRecord: 0.3ms | Allocations: 2064)


Started GET "/blogs" for ::1 at 2024-02-04 16:33:51 -0600
Processing by BlogsController#index as HTML
  [1m[36mBlog Load (0.1ms)[0m  [1m[34mSELECT "blogs".* FROM "blogs"[0m
  ↳ app/controllers/blogs_controller.rb:7:in `index'
  [1m[36mUser Load (0.1ms)[0m  [1m[34mSELECT "users".* FROM "users" WHERE "users"."id" = ? LIMIT ?[0m  [["id", 1], ["LIMIT", 1]]
  ↳ app/controllers/blogs_controller.rb:7:in `index'
  [1m[36mCACHE User Load (0.0ms)[0m  [1m[34mSELECT "users".* FROM "users" WHERE "users"."id" = ? LIMIT ?[0m  [["id", 1], ["LIMIT", 1]]
  ↳ app/controllers/blogs_controller.rb:7:in `index'
Completed 200 OK in 7ms (Views: 0.1ms | ActiveRecord: 0.3ms | Allocations: 2064)


Started GET "/blogs" for ::1 at 2024-02-04 16:34:35 -0600
Processing by BlogsController#index as HTML
  [1m[36mBlog Load (0.1ms)[0m  [1m[34mSELECT "blogs".* FROM "blogs"[0m
  ↳ app/controllers/blogs_controller.rb:7:in `index'
  [1m[36mUser Load (0.1ms)[0m  [1m[34mSELECT "users".* FROM "users" WHERE "users"."id" = ? LIMIT ?[0m  [["id", 1], ["LIMIT", 1]]
  ↳ app/controllers/blogs_controller.rb:7:in `index'
  [1m[36mCACHE User Load (0.0ms)[0m  [1m[34mSELECT "users".* FROM "users" WHERE "users"."id" = ? LIMIT ?[0m  [["id", 1], ["LIMIT", 1]]
  ↳ app/controllers/blogs_controller.rb:7:in `index'
Completed 200 OK in 6ms (Views: 0.1ms | ActiveRecord: 0.2ms | Allocations: 2064)


Started GET "/blogs" for ::1 at 2024-02-04 16:36:02 -0600
Processing by BlogsController#index as HTML
  [1m[36mBlog Load (0.2ms)[0m  [1m[34mSELECT "blogs".* FROM "blogs"[0m
  ↳ app/controllers/blogs_controller.rb:7:in `index'
  [1m[36mUser Load (0.1ms)[0m  [1m[34mSELECT "users".* FROM "users" WHERE "users"."id" = ? LIMIT ?[0m  [["id", 1], ["LIMIT", 1]]
  ↳ app/controllers/blogs_controller.rb:7:in `index'
  [1m[36mCACHE User Load (0.0ms)[0m  [1m[34mSELECT "users".* FROM "users" WHERE "users"."id" = ? LIMIT ?[0m  [["id", 1], ["LIMIT", 1]]
  ↳ app/controllers/blogs_controller.rb:7:in `index'
Completed 200 OK in 6ms (Views: 0.1ms | ActiveRecord: 0.3ms | Allocations: 2064)


Started GET "/blogs" for ::1 at 2024-02-04 16:36:06 -0600
Processing by BlogsController#index as HTML
  [1m[36mBlog Load (0.2ms)[0m  [1m[34mSELECT "blogs".* FROM "blogs"[0m
  ↳ app/controllers/blogs_controller.rb:7:in `index'
  [1m[36mUser Load (0.7ms)[0m  [1m[34mSELECT "users".* FROM "users" WHERE "users"."id" = ? LIMIT ?[0m  [["id", 1], ["LIMIT", 1]]
  ↳ app/controllers/blogs_controller.rb:7:in `index'
  [1m[36mCACHE User Load (0.1ms)[0m  [1m[34mSELECT "users".* FROM "users" WHERE "users"."id" = ? LIMIT ?[0m  [["id", 1], ["LIMIT", 1]]
  ↳ app/controllers/blogs_controller.rb:7:in `index'
Completed 200 OK in 14ms (Views: 0.1ms | ActiveRecord: 0.9ms | Allocations: 2064)


Started GET "/blogs" for ::1 at 2024-02-04 16:36:23 -0600
Processing by BlogsController#index as HTML
  [1m[36mBlog Load (0.1ms)[0m  [1m[34mSELECT "blogs".* FROM "blogs"[0m
  ↳ app/controllers/blogs_controller.rb:7:in `index'
  [1m[36mUser Load (0.1ms)[0m  [1m[34mSELECT "users".* FROM "users" WHERE "users"."id" = ? LIMIT ?[0m  [["id", 1], ["LIMIT", 1]]
  ↳ app/controllers/blogs_controller.rb:7:in `index'
  [1m[36mCACHE User Load (0.0ms)[0m  [1m[34mSELECT "users".* FROM "users" WHERE "users"."id" = ? LIMIT ?[0m  [["id", 1], ["LIMIT", 1]]
  ↳ app/controllers/blogs_controller.rb:7:in `index'
Completed 200 OK in 25ms (Views: 0.1ms | ActiveRecord: 0.3ms | Allocations: 2064)


Started GET "/blogs" for ::1 at 2024-02-04 16:36:25 -0600
Processing by BlogsController#index as HTML
  [1m[36mBlog Load (0.1ms)[0m  [1m[34mSELECT "blogs".* FROM "blogs"[0m
  ↳ app/controllers/blogs_controller.rb:7:in `index'
  [1m[36mUser Load (0.1ms)[0m  [1m[34mSELECT "users".* FROM "users" WHERE "users"."id" = ? LIMIT ?[0m  [["id", 1], ["LIMIT", 1]]
  ↳ app/controllers/blogs_controller.rb:7:in `index'
  [1m[36mCACHE User Load (0.0ms)[0m  [1m[34mSELECT "users".* FROM "users" WHERE "users"."id" = ? LIMIT ?[0m  [["id", 1], ["LIMIT", 1]]
  ↳ app/controllers/blogs_controller.rb:7:in `index'
Completed 200 OK in 42ms (Views: 0.1ms | ActiveRecord: 0.3ms | Allocations: 2064)


Started GET "/blogs" for ::1 at 2024-02-04 16:36:32 -0600
Processing by BlogsController#index as HTML
  [1m[36mBlog Load (0.1ms)[0m  [1m[34mSELECT "blogs".* FROM "blogs"[0m
  ↳ app/controllers/blogs_controller.rb:7:in `index'
  [1m[36mUser Load (0.1ms)[0m  [1m[34mSELECT "users".* FROM "users" WHERE "users"."id" = ? LIMIT ?[0m  [["id", 1], ["LIMIT", 1]]
  ↳ app/controllers/blogs_controller.rb:7:in `index'
  [1m[36mCACHE User Load (0.0ms)[0m  [1m[34mSELECT "users".* FROM "users" WHERE "users"."id" = ? LIMIT ?[0m  [["id", 1], ["LIMIT", 1]]
  ↳ app/controllers/blogs_controller.rb:7:in `index'
Completed 200 OK in 4ms (Views: 0.2ms | ActiveRecord: 0.2ms | Allocations: 2064)


Started GET "/blogs" for ::1 at 2024-02-04 16:36:59 -0600
Processing by BlogsController#index as HTML
  [1m[36mBlog Load (0.1ms)[0m  [1m[34mSELECT "blogs".* FROM "blogs"[0m
  ↳ app/controllers/blogs_controller.rb:7:in `index'
  [1m[36mUser Load (0.2ms)[0m  [1m[34mSELECT "users".* FROM "users" WHERE "users"."id" = ? LIMIT ?[0m  [["id", 1], ["LIMIT", 1]]
  ↳ app/controllers/blogs_controller.rb:7:in `index'
  [1m[36mCACHE User Load (0.0ms)[0m  [1m[34mSELECT "users".* FROM "users" WHERE "users"."id" = ? LIMIT ?[0m  [["id", 1], ["LIMIT", 1]]
  ↳ app/controllers/blogs_controller.rb:7:in `index'
Completed 200 OK in 7ms (Views: 0.1ms | ActiveRecord: 0.4ms | Allocations: 2064)


Started GET "/blogs" for ::1 at 2024-02-04 16:37:04 -0600
Processing by BlogsController#index as HTML
  [1m[36mBlog Load (0.1ms)[0m  [1m[34mSELECT "blogs".* FROM "blogs"[0m
  ↳ app/controllers/blogs_controller.rb:7:in `index'
  [1m[36mUser Load (0.8ms)[0m  [1m[34mSELECT "users".* FROM "users" WHERE "users"."id" = ? LIMIT ?[0m  [["id", 1], ["LIMIT", 1]]
  ↳ app/controllers/blogs_controller.rb:7:in `index'
  [1m[36mCACHE User Load (0.0ms)[0m  [1m[34mSELECT "users".* FROM "users" WHERE "users"."id" = ? LIMIT ?[0m  [["id", 1], ["LIMIT", 1]]
  ↳ app/controllers/blogs_controller.rb:7:in `index'
Completed 200 OK in 23ms (Views: 0.1ms | ActiveRecord: 0.9ms | Allocations: 2064)


Started GET "/blogs" for ::1 at 2024-02-04 16:37:12 -0600
Processing by BlogsController#index as HTML
  [1m[36mBlog Load (0.1ms)[0m  [1m[34mSELECT "blogs".* FROM "blogs"[0m
  ↳ app/controllers/blogs_controller.rb:7:in `index'
  [1m[36mUser Load (0.1ms)[0m  [1m[34mSELECT "users".* FROM "users" WHERE "users"."id" = ? LIMIT ?[0m  [["id", 1], ["LIMIT", 1]]
  ↳ app/controllers/blogs_controller.rb:7:in `index'
  [1m[36mCACHE User Load (0.0ms)[0m  [1m[34mSELECT "users".* FROM "users" WHERE "users"."id" = ? LIMIT ?[0m  [["id", 1], ["LIMIT", 1]]
  ↳ app/controllers/blogs_controller.rb:7:in `index'
Completed 200 OK in 4ms (Views: 0.1ms | ActiveRecord: 0.2ms | Allocations: 2065)


Started GET "/blogs" for ::1 at 2024-02-04 16:37:17 -0600
Processing by BlogsController#index as HTML
  [1m[36mBlog Load (0.1ms)[0m  [1m[34mSELECT "blogs".* FROM "blogs"[0m
  ↳ app/controllers/blogs_controller.rb:7:in `index'
  [1m[36mUser Load (0.1ms)[0m  [1m[34mSELECT "users".* FROM "users" WHERE "users"."id" = ? LIMIT ?[0m  [["id", 1], ["LIMIT", 1]]
  ↳ app/controllers/blogs_controller.rb:7:in `index'
  [1m[36mCACHE User Load (0.0ms)[0m  [1m[34mSELECT "users".* FROM "users" WHERE "users"."id" = ? LIMIT ?[0m  [["id", 1], ["LIMIT", 1]]
  ↳ app/controllers/blogs_controller.rb:7:in `index'
Completed 200 OK in 5ms (Views: 0.1ms | ActiveRecord: 0.2ms | Allocations: 2064)


Started GET "/blogs" for ::1 at 2024-02-04 16:37:19 -0600
Processing by BlogsController#index as HTML
  [1m[36mBlog Load (0.1ms)[0m  [1m[34mSELECT "blogs".* FROM "blogs"[0m
  ↳ app/controllers/blogs_controller.rb:7:in `index'
  [1m[36mUser Load (0.1ms)[0m  [1m[34mSELECT "users".* FROM "users" WHERE "users"."id" = ? LIMIT ?[0m  [["id", 1], ["LIMIT", 1]]
  ↳ app/controllers/blogs_controller.rb:7:in `index'
  [1m[36mCACHE User Load (0.0ms)[0m  [1m[34mSELECT "users".* FROM "users" WHERE "users"."id" = ? LIMIT ?[0m  [["id", 1], ["LIMIT", 1]]
  ↳ app/controllers/blogs_controller.rb:7:in `index'
Completed 200 OK in 43ms (Views: 0.1ms | ActiveRecord: 0.3ms | Allocations: 2065)


Started GET "/blogs" for ::1 at 2024-02-04 16:37:24 -0600
Processing by BlogsController#index as HTML
  [1m[36mBlog Load (0.1ms)[0m  [1m[34mSELECT "blogs".* FROM "blogs"[0m
  ↳ app/controllers/blogs_controller.rb:7:in `index'
  [1m[36mUser Load (0.1ms)[0m  [1m[34mSELECT "users".* FROM "users" WHERE "users"."id" = ? LIMIT ?[0m  [["id", 1], ["LIMIT", 1]]
  ↳ app/controllers/blogs_controller.rb:7:in `index'
  [1m[36mCACHE User Load (0.0ms)[0m  [1m[34mSELECT "users".* FROM "users" WHERE "users"."id" = ? LIMIT ?[0m  [["id", 1], ["LIMIT", 1]]
  ↳ app/controllers/blogs_controller.rb:7:in `index'
Completed 200 OK in 4ms (Views: 0.1ms | ActiveRecord: 0.2ms | Allocations: 2064)


Started GET "/blogs" for ::1 at 2024-02-04 16:42:34 -0600
Processing by BlogsController#index as HTML
  [1m[36mBlog Load (0.1ms)[0m  [1m[34mSELECT "blogs".* FROM "blogs"[0m
  ↳ app/controllers/blogs_controller.rb:7:in `index'
  [1m[36mUser Load (0.1ms)[0m  [1m[34mSELECT "users".* FROM "users" WHERE "users"."id" = ? LIMIT ?[0m  [["id", 1], ["LIMIT", 1]]
  ↳ app/controllers/blogs_controller.rb:7:in `index'
  [1m[36mCACHE User Load (0.0ms)[0m  [1m[34mSELECT "users".* FROM "users" WHERE "users"."id" = ? LIMIT ?[0m  [["id", 1], ["LIMIT", 1]]
  ↳ app/controllers/blogs_controller.rb:7:in `index'
Completed 200 OK in 5ms (Views: 0.1ms | ActiveRecord: 0.2ms | Allocations: 2064)


Started GET "/blogs" for ::1 at 2024-02-04 16:42:37 -0600
Processing by BlogsController#index as HTML
  [1m[36mBlog Load (0.1ms)[0m  [1m[34mSELECT "blogs".* FROM "blogs"[0m
  ↳ app/controllers/blogs_controller.rb:7:in `index'
  [1m[36mUser Load (0.1ms)[0m  [1m[34mSELECT "users".* FROM "users" WHERE "users"."id" = ? LIMIT ?[0m  [["id", 1], ["LIMIT", 1]]
  ↳ app/controllers/blogs_controller.rb:7:in `index'
  [1m[36mCACHE User Load (0.0ms)[0m  [1m[34mSELECT "users".* FROM "users" WHERE "users"."id" = ? LIMIT ?[0m  [["id", 1], ["LIMIT", 1]]
  ↳ app/controllers/blogs_controller.rb:7:in `index'
Completed 200 OK in 5ms (Views: 0.1ms | ActiveRecord: 0.2ms | Allocations: 2064)


Started GET "/blogs" for ::1 at 2024-02-04 16:48:59 -0600
Processing by BlogsController#index as HTML
  [1m[36mBlog Load (0.7ms)[0m  [1m[34mSELECT "blogs".* FROM "blogs"[0m
  ↳ app/controllers/blogs_controller.rb:7:in `index'
  [1m[36mUser Load (0.6ms)[0m  [1m[34mSELECT "users".* FROM "users" WHERE "users"."id" = ? LIMIT ?[0m  [["id", 1], ["LIMIT", 1]]
  ↳ app/controllers/blogs_controller.rb:7:in `index'
  [1m[36mCACHE User Load (0.0ms)[0m  [1m[34mSELECT "users".* FROM "users" WHERE "users"."id" = ? LIMIT ?[0m  [["id", 1], ["LIMIT", 1]]
  ↳ app/controllers/blogs_controller.rb:7:in `index'
Completed 200 OK in 25ms (Views: 0.1ms | ActiveRecord: 4.7ms | Allocations: 2246)


Started GET "/blogs" for ::1 at 2024-02-04 16:49:07 -0600
Processing by BlogsController#index as HTML
  [1m[36mBlog Load (0.1ms)[0m  [1m[34mSELECT "blogs".* FROM "blogs"[0m
  ↳ app/controllers/blogs_controller.rb:7:in `index'
  [1m[36mUser Load (0.1ms)[0m  [1m[34mSELECT "users".* FROM "users" WHERE "users"."id" = ? LIMIT ?[0m  [["id", 1], ["LIMIT", 1]]
  ↳ app/controllers/blogs_controller.rb:7:in `index'
  [1m[36mCACHE User Load (0.0ms)[0m  [1m[34mSELECT "users".* FROM "users" WHERE "users"."id" = ? LIMIT ?[0m  [["id", 1], ["LIMIT", 1]]
  ↳ app/controllers/blogs_controller.rb:7:in `index'
Completed 200 OK in 25ms (Views: 0.1ms | ActiveRecord: 0.3ms | Allocations: 2064)


Started GET "/blogs" for ::1 at 2024-02-04 16:49:16 -0600
Processing by BlogsController#index as HTML
  [1m[36mBlog Load (0.1ms)[0m  [1m[34mSELECT "blogs".* FROM "blogs"[0m
  ↳ app/controllers/blogs_controller.rb:7:in `index'
  [1m[36mUser Load (0.1ms)[0m  [1m[34mSELECT "users".* FROM "users" WHERE "users"."id" = ? LIMIT ?[0m  [["id", 1], ["LIMIT", 1]]
  ↳ app/controllers/blogs_controller.rb:7:in `index'
  [1m[36mCACHE User Load (0.0ms)[0m  [1m[34mSELECT "users".* FROM "users" WHERE "users"."id" = ? LIMIT ?[0m  [["id", 1], ["LIMIT", 1]]
  ↳ app/controllers/blogs_controller.rb:7:in `index'
Completed 200 OK in 5ms (Views: 0.1ms | ActiveRecord: 0.2ms | Allocations: 2064)


Started GET "/blogs" for ::1 at 2024-02-04 16:49:22 -0600
Processing by BlogsController#index as HTML
  [1m[36mBlog Load (0.2ms)[0m  [1m[34mSELECT "blogs".* FROM "blogs"[0m
  ↳ app/controllers/blogs_controller.rb:7:in `index'
  [1m[36mUser Load (0.2ms)[0m  [1m[34mSELECT "users".* FROM "users" WHERE "users"."id" = ? LIMIT ?[0m  [["id", 1], ["LIMIT", 1]]
  ↳ app/controllers/blogs_controller.rb:7:in `index'
  [1m[36mCACHE User Load (0.0ms)[0m  [1m[34mSELECT "users".* FROM "users" WHERE "users"."id" = ? LIMIT ?[0m  [["id", 1], ["LIMIT", 1]]
  ↳ app/controllers/blogs_controller.rb:7:in `index'
Completed 200 OK in 8ms (Views: 0.1ms | ActiveRecord: 0.3ms | Allocations: 2064)


Started GET "/blogs" for ::1 at 2024-02-04 16:49:40 -0600
Processing by BlogsController#index as HTML
  [1m[36mBlog Load (0.1ms)[0m  [1m[34mSELECT "blogs".* FROM "blogs"[0m
  ↳ app/controllers/blogs_controller.rb:7:in `index'
  [1m[36mUser Load (0.1ms)[0m  [1m[34mSELECT "users".* FROM "users" WHERE "users"."id" = ? LIMIT ?[0m  [["id", 1], ["LIMIT", 1]]
  ↳ app/controllers/blogs_controller.rb:7:in `index'
  [1m[36mCACHE User Load (0.0ms)[0m  [1m[34mSELECT "users".* FROM "users" WHERE "users"."id" = ? LIMIT ?[0m  [["id", 1], ["LIMIT", 1]]
  ↳ app/controllers/blogs_controller.rb:7:in `index'
Completed 200 OK in 6ms (Views: 1.3ms | ActiveRecord: 0.2ms | Allocations: 2064)


Started GET "/blogs" for ::1 at 2024-02-04 16:49:49 -0600
Processing by BlogsController#index as HTML
  [1m[36mBlog Load (0.2ms)[0m  [1m[34mSELECT "blogs".* FROM "blogs"[0m
  ↳ app/controllers/blogs_controller.rb:7:in `index'
  [1m[36mUser Load (0.1ms)[0m  [1m[34mSELECT "users".* FROM "users" WHERE "users"."id" = ? LIMIT ?[0m  [["id", 1], ["LIMIT", 1]]
  ↳ app/controllers/blogs_controller.rb:7:in `index'
  [1m[36mCACHE User Load (0.0ms)[0m  [1m[34mSELECT "users".* FROM "users" WHERE "users"."id" = ? LIMIT ?[0m  [["id", 1], ["LIMIT", 1]]
  ↳ app/controllers/blogs_controller.rb:7:in `index'
Completed 200 OK in 5ms (Views: 0.1ms | ActiveRecord: 0.3ms | Allocations: 2064)


Started GET "/blogs" for ::1 at 2024-02-04 16:50:47 -0600
Processing by BlogsController#index as HTML
  [1m[36mBlog Load (0.2ms)[0m  [1m[34mSELECT "blogs".* FROM "blogs"[0m
  ↳ app/controllers/blogs_controller.rb:7:in `index'
  [1m[36mUser Load (0.1ms)[0m  [1m[34mSELECT "users".* FROM "users" WHERE "users"."id" = ? LIMIT ?[0m  [["id", 1], ["LIMIT", 1]]
  ↳ app/controllers/blogs_controller.rb:7:in `index'
  [1m[36mCACHE User Load (0.0ms)[0m  [1m[34mSELECT "users".* FROM "users" WHERE "users"."id" = ? LIMIT ?[0m  [["id", 1], ["LIMIT", 1]]
  ↳ app/controllers/blogs_controller.rb:7:in `index'
Completed 200 OK in 7ms (Views: 0.1ms | ActiveRecord: 0.3ms | Allocations: 2064)


Started GET "/blogs" for ::1 at 2024-02-04 16:54:39 -0600
Processing by BlogsController#index as HTML
  [1m[36mBlog Load (0.4ms)[0m  [1m[34mSELECT "blogs".* FROM "blogs"[0m
  ↳ app/controllers/blogs_controller.rb:7:in `index'
  [1m[36mUser Load (0.2ms)[0m  [1m[34mSELECT "users".* FROM "users" WHERE "users"."id" = ? LIMIT ?[0m  [["id", 1], ["LIMIT", 1]]
  ↳ app/controllers/blogs_controller.rb:7:in `index'
  [1m[36mCACHE User Load (0.0ms)[0m  [1m[34mSELECT "users".* FROM "users" WHERE "users"."id" = ? LIMIT ?[0m  [["id", 1], ["LIMIT", 1]]
  ↳ app/controllers/blogs_controller.rb:7:in `index'
Completed 200 OK in 15ms (Views: 0.2ms | ActiveRecord: 0.7ms | Allocations: 2064)


Started GET "/blogs" for ::1 at 2024-02-04 16:54:50 -0600
Processing by BlogsController#index as HTML
  [1m[36mBlog Load (0.1ms)[0m  [1m[34mSELECT "blogs".* FROM "blogs"[0m
  ↳ app/controllers/blogs_controller.rb:7:in `index'
  [1m[36mUser Load (0.1ms)[0m  [1m[34mSELECT "users".* FROM "users" WHERE "users"."id" = ? LIMIT ?[0m  [["id", 1], ["LIMIT", 1]]
  ↳ app/controllers/blogs_controller.rb:7:in `index'
  [1m[36mCACHE User Load (0.0ms)[0m  [1m[34mSELECT "users".* FROM "users" WHERE "users"."id" = ? LIMIT ?[0m  [["id", 1], ["LIMIT", 1]]
  ↳ app/controllers/blogs_controller.rb:7:in `index'
Completed 200 OK in 40ms (Views: 0.1ms | ActiveRecord: 0.2ms | Allocations: 2064)


Started GET "/blogs" for ::1 at 2024-02-04 16:55:33 -0600
Processing by BlogsController#index as HTML
  [1m[36mBlog Load (0.1ms)[0m  [1m[34mSELECT "blogs".* FROM "blogs"[0m
  ↳ app/controllers/blogs_controller.rb:7:in `index'
  [1m[36mUser Load (0.1ms)[0m  [1m[34mSELECT "users".* FROM "users" WHERE "users"."id" = ? LIMIT ?[0m  [["id", 1], ["LIMIT", 1]]
  ↳ app/controllers/blogs_controller.rb:7:in `index'
  [1m[36mCACHE User Load (0.0ms)[0m  [1m[34mSELECT "users".* FROM "users" WHERE "users"."id" = ? LIMIT ?[0m  [["id", 1], ["LIMIT", 1]]
  ↳ app/controllers/blogs_controller.rb:7:in `index'
Completed 200 OK in 4ms (Views: 0.1ms | ActiveRecord: 0.2ms | Allocations: 2064)


Started GET "/blogs" for ::1 at 2024-02-04 16:55:37 -0600
Processing by BlogsController#index as HTML
  [1m[36mBlog Load (0.1ms)[0m  [1m[34mSELECT "blogs".* FROM "blogs"[0m
  ↳ app/controllers/blogs_controller.rb:7:in `index'
  [1m[36mUser Load (0.1ms)[0m  [1m[34mSELECT "users".* FROM "users" WHERE "users"."id" = ? LIMIT ?[0m  [["id", 1], ["LIMIT", 1]]
  ↳ app/controllers/blogs_controller.rb:7:in `index'
  [1m[36mCACHE User Load (0.0ms)[0m  [1m[34mSELECT "users".* FROM "users" WHERE "users"."id" = ? LIMIT ?[0m  [["id", 1], ["LIMIT", 1]]
  ↳ app/controllers/blogs_controller.rb:7:in `index'
Completed 200 OK in 4ms (Views: 0.1ms | ActiveRecord: 0.2ms | Allocations: 2064)


Started GET "/blogs" for ::1 at 2024-02-04 16:56:32 -0600
Processing by BlogsController#index as HTML
  [1m[36mBlog Load (1.7ms)[0m  [1m[34mSELECT "blogs".* FROM "blogs"[0m
  ↳ app/controllers/blogs_controller.rb:7:in `index'
  [1m[36mUser Load (0.2ms)[0m  [1m[34mSELECT "users".* FROM "users" WHERE "users"."id" = ? LIMIT ?[0m  [["id", 1], ["LIMIT", 1]]
  ↳ app/controllers/blogs_controller.rb:7:in `index'
  [1m[36mCACHE User Load (0.0ms)[0m  [1m[34mSELECT "users".* FROM "users" WHERE "users"."id" = ? LIMIT ?[0m  [["id", 1], ["LIMIT", 1]]
  ↳ app/controllers/blogs_controller.rb:7:in `index'
Completed 200 OK in 10ms (Views: 0.2ms | ActiveRecord: 1.9ms | Allocations: 2064)


Started GET "/blogs" for ::1 at 2024-02-04 16:56:50 -0600
Processing by BlogsController#index as HTML
  [1m[36mBlog Load (0.1ms)[0m  [1m[34mSELECT "blogs".* FROM "blogs"[0m
  ↳ app/controllers/blogs_controller.rb:7:in `index'
  [1m[36mUser Load (0.1ms)[0m  [1m[34mSELECT "users".* FROM "users" WHERE "users"."id" = ? LIMIT ?[0m  [["id", 1], ["LIMIT", 1]]
  ↳ app/controllers/blogs_controller.rb:7:in `index'
  [1m[36mCACHE User Load (0.0ms)[0m  [1m[34mSELECT "users".* FROM "users" WHERE "users"."id" = ? LIMIT ?[0m  [["id", 1], ["LIMIT", 1]]
  ↳ app/controllers/blogs_controller.rb:7:in `index'
Completed 200 OK in 4ms (Views: 0.1ms | ActiveRecord: 0.2ms | Allocations: 2064)


Started GET "/blogs" for ::1 at 2024-02-04 16:56:51 -0600
Processing by BlogsController#index as HTML
  [1m[36mBlog Load (0.7ms)[0m  [1m[34mSELECT "blogs".* FROM "blogs"[0m
  ↳ app/controllers/blogs_controller.rb:7:in `index'
  [1m[36mUser Load (0.1ms)[0m  [1m[34mSELECT "users".* FROM "users" WHERE "users"."id" = ? LIMIT ?[0m  [["id", 1], ["LIMIT", 1]]
  ↳ app/controllers/blogs_controller.rb:7:in `index'
  [1m[36mCACHE User Load (0.0ms)[0m  [1m[34mSELECT "users".* FROM "users" WHERE "users"."id" = ? LIMIT ?[0m  [["id", 1], ["LIMIT", 1]]
  ↳ app/controllers/blogs_controller.rb:7:in `index'
Completed 200 OK in 22ms (Views: 0.1ms | ActiveRecord: 0.8ms | Allocations: 2065)


Started GET "/blogs" for ::1 at 2024-02-04 17:02:10 -0600
Processing by BlogsController#index as HTML
  [1m[36mBlog Load (2.4ms)[0m  [1m[34mSELECT "blogs".* FROM "blogs"[0m
  ↳ app/controllers/blogs_controller.rb:7:in `index'
  [1m[36mUser Load (0.2ms)[0m  [1m[34mSELECT "users".* FROM "users" WHERE "users"."id" = ? LIMIT ?[0m  [["id", 1], ["LIMIT", 1]]
  ↳ app/controllers/blogs_controller.rb:7:in `index'
  [1m[36mCACHE User Load (0.0ms)[0m  [1m[34mSELECT "users".* FROM "users" WHERE "users"."id" = ? LIMIT ?[0m  [["id", 1], ["LIMIT", 1]]
  ↳ app/controllers/blogs_controller.rb:7:in `index'
Completed 200 OK in 119ms (Views: 0.9ms | ActiveRecord: 2.6ms | Allocations: 2067)


Started GET "/blogs" for ::1 at 2024-02-04 20:22:32 -0600
Processing by BlogsController#index as HTML
  [1m[36mBlog Load (0.5ms)[0m  [1m[34mSELECT "blogs".* FROM "blogs"[0m
  ↳ app/controllers/blogs_controller.rb:7:in `index'
  [1m[36mUser Load (0.6ms)[0m  [1m[34mSELECT "users".* FROM "users" WHERE "users"."id" = ? LIMIT ?[0m  [["id", 1], ["LIMIT", 1]]
  ↳ app/controllers/blogs_controller.rb:7:in `index'
  [1m[36mCACHE User Load (0.0ms)[0m  [1m[34mSELECT "users".* FROM "users" WHERE "users"."id" = ? LIMIT ?[0m  [["id", 1], ["LIMIT", 1]]
  ↳ app/controllers/blogs_controller.rb:7:in `index'
Completed 200 OK in 44ms (Views: 0.4ms | ActiveRecord: 1.9ms | Allocations: 2248)


Started GET "/blogs" for ::1 at 2024-02-04 20:24:25 -0600
Processing by BlogsController#index as HTML
  [1m[36mBlog Load (0.7ms)[0m  [1m[34mSELECT "blogs".* FROM "blogs"[0m
  ↳ app/controllers/blogs_controller.rb:7:in `index'
  [1m[36mUser Load (0.2ms)[0m  [1m[34mSELECT "users".* FROM "users" WHERE "users"."id" = ? LIMIT ?[0m  [["id", 1], ["LIMIT", 1]]
  ↳ app/controllers/blogs_controller.rb:7:in `index'
  [1m[36mCACHE User Load (0.0ms)[0m  [1m[34mSELECT "users".* FROM "users" WHERE "users"."id" = ? LIMIT ?[0m  [["id", 1], ["LIMIT", 1]]
  ↳ app/controllers/blogs_controller.rb:7:in `index'
Completed 200 OK in 30ms (Views: 0.1ms | ActiveRecord: 1.0ms | Allocations: 2064)


Started GET "/blogs" for ::1 at 2024-02-04 20:24:28 -0600
Processing by BlogsController#index as HTML
  [1m[36mBlog Load (0.1ms)[0m  [1m[34mSELECT "blogs".* FROM "blogs"[0m
  ↳ app/controllers/blogs_controller.rb:7:in `index'
  [1m[36mUser Load (0.1ms)[0m  [1m[34mSELECT "users".* FROM "users" WHERE "users"."id" = ? LIMIT ?[0m  [["id", 1], ["LIMIT", 1]]
  ↳ app/controllers/blogs_controller.rb:7:in `index'
  [1m[36mCACHE User Load (0.0ms)[0m  [1m[34mSELECT "users".* FROM "users" WHERE "users"."id" = ? LIMIT ?[0m  [["id", 1], ["LIMIT", 1]]
  ↳ app/controllers/blogs_controller.rb:7:in `index'
Completed 200 OK in 9ms (Views: 0.1ms | ActiveRecord: 0.3ms | Allocations: 2064)


Started GET "/blogs" for ::1 at 2024-02-04 20:24:35 -0600
Processing by BlogsController#index as HTML
  [1m[36mBlog Load (0.1ms)[0m  [1m[34mSELECT "blogs".* FROM "blogs"[0m
  ↳ app/controllers/blogs_controller.rb:7:in `index'
  [1m[36mUser Load (0.1ms)[0m  [1m[34mSELECT "users".* FROM "users" WHERE "users"."id" = ? LIMIT ?[0m  [["id", 1], ["LIMIT", 1]]
  ↳ app/controllers/blogs_controller.rb:7:in `index'
  [1m[36mCACHE User Load (0.0ms)[0m  [1m[34mSELECT "users".* FROM "users" WHERE "users"."id" = ? LIMIT ?[0m  [["id", 1], ["LIMIT", 1]]
  ↳ app/controllers/blogs_controller.rb:7:in `index'
Completed 200 OK in 10ms (Views: 0.1ms | ActiveRecord: 0.3ms | Allocations: 2064)


Started GET "/blogs" for ::1 at 2024-02-05 20:09:54 -0600
  [1m[36mActiveRecord::SchemaMigration Pluck (0.2ms)[0m  [1m[34mSELECT "schema_migrations"."version" FROM "schema_migrations" ORDER BY "schema_migrations"."version" ASC[0m
Processing by BlogsController#index as */*
  [1m[36mBlog Load (0.5ms)[0m  [1m[34mSELECT "blogs".* FROM "blogs"[0m
  ↳ app/controllers/blogs_controller.rb:8:in `index'
  [1m[36mUser Load (0.5ms)[0m  [1m[34mSELECT "users".* FROM "users" WHERE "users"."id" = ? LIMIT ?[0m  [["id", 1], ["LIMIT", 1]]
  ↳ app/controllers/blogs_controller.rb:8:in `index'
  [1m[36mCACHE User Load (0.0ms)[0m  [1m[34mSELECT "users".* FROM "users" WHERE "users"."id" = ? LIMIT ?[0m  [["id", 1], ["LIMIT", 1]]
  ↳ app/controllers/blogs_controller.rb:8:in `index'
Completed 200 OK in 3553ms (Views: 0.2ms | ActiveRecord: 2.1ms | Allocations: 167105)


Started GET "/blogs?car_id=1" for ::1 at 2024-02-05 20:10:12 -0600
Processing by BlogsController#index as */*
  Parameters: {"car_id"=>"1"}
  [1m[36mBlog Load (0.2ms)[0m  [1m[34mSELECT "blogs".* FROM "blogs"[0m
  ↳ app/controllers/blogs_controller.rb:8:in `index'
  [1m[36mUser Load (0.1ms)[0m  [1m[34mSELECT "users".* FROM "users" WHERE "users"."id" = ? LIMIT ?[0m  [["id", 1], ["LIMIT", 1]]
  ↳ app/controllers/blogs_controller.rb:8:in `index'
  [1m[36mCACHE User Load (0.0ms)[0m  [1m[34mSELECT "users".* FROM "users" WHERE "users"."id" = ? LIMIT ?[0m  [["id", 1], ["LIMIT", 1]]
  ↳ app/controllers/blogs_controller.rb:8:in `index'
Completed 200 OK in 12082ms (Views: 0.1ms | ActiveRecord: 0.3ms | Allocations: 117168)


